#
# There is insufficient memory for the Java Runtime Environment to continue.
# Native memory allocation (malloc) failed to allocate 87031808 bytes for committing reserved memory.
# Possible reasons:
#   The system is out of physical RAM or swap space
#   In 32 bit mode, the process size limit was hit
# Possible solutions:
#   Reduce memory load on the system
#   Increase physical memory or swap space
#   Check if swap backing store is full
#   Use 64 bit Java on a 64 bit OS
#   Decrease Java heap size (-Xmx/-Xms)
#   Decrease number of Java threads
#   Decrease Java thread stack sizes (-Xss)
#   Set larger code cache with -XX:ReservedCodeCacheSize=
# This output file may be truncated or incomplete.
#
#  Out of Memory Error (os_linux.cpp:2756), pid=10118, tid=140087501711104
#
# JRE version: Java(TM) SE Runtime Environment (7.0_80-b15) (build 1.7.0_80-b15)
# Java VM: Java HotSpot(TM) 64-Bit Server VM (24.80-b11 mixed mode linux-amd64 compressed oops)
# Failed to write core dump. Core dumps have been disabled. To enable core dumping, try "ulimit -c unlimited" before starting Java again
#

---------------  T H R E A D  ---------------

Current thread (0x00007f68b406a000):  VMThread [stack: 0x00007f68a9b6e000,0x00007f68a9c6f000] [id=10132]

Stack: [0x00007f68a9b6e000,0x00007f68a9c6f000],  sp=0x00007f68a9c6d240,  free space=1020k
Native frames: (J=compiled Java code, j=interpreted, Vv=VM code, C=native code)
V  [libjvm.so+0x9a320a]  VMError::report_and_die()+0x2ea
V  [libjvm.so+0x498d3b]  report_vm_out_of_memory(char const*, int, unsigned long, char const*)+0x9b
V  [libjvm.so+0x82191e]  os::Linux::commit_memory_impl(char*, unsigned long, bool)+0xfe
V  [libjvm.so+0x821e69]  os::pd_commit_memory(char*, unsigned long, unsigned long, bool)+0x29
V  [libjvm.so+0x81bb6a]  os::commit_memory(char*, unsigned long, unsigned long, bool)+0x2a
V  [libjvm.so+0x88d623]  PSVirtualSpace::expand_by(unsigned long)+0x53
V  [libjvm.so+0x88e9f8]  PSYoungGen::resize_generation(unsigned long, unsigned long)+0xf8
V  [libjvm.so+0x88db62]  PSYoungGen::resize(unsigned long, unsigned long)+0x22
V  [libjvm.so+0x88af1d]  PSScavenge::invoke_no_policy()+0xf3d
V  [libjvm.so+0x88b761]  PSScavenge::invoke()+0x41
V  [libjvm.so+0x843f40]  ParallelScavengeHeap::failed_mem_allocate(unsigned long)+0x70
V  [libjvm.so+0x9a4a97]  VM_ParallelGCFailedAllocation::doit()+0x97
V  [libjvm.so+0x9abf35]  VM_Operation::evaluate()+0x55
V  [libjvm.so+0x9aa2fa]  VMThread::evaluate_operation(VM_Operation*)+0xba
V  [libjvm.so+0x9aa67e]  VMThread::loop()+0x1ce
V  [libjvm.so+0x9aaaf0]  VMThread::run()+0x70
V  [libjvm.so+0x8238c8]  java_start(Thread*)+0x108

VM_Operation (0x00007f68a8d5ced0): ParallelGCFailedAllocation, mode: safepoint, requested by thread 0x00007f68b4143800


---------------  P R O C E S S  ---------------

Java Threads: ( => current thread )
  0x00007f68b4149800 JavaThread "pool-1-thread-4" [_thread_blocked, id=10159, stack(0x00007f68a885a000,0x00007f68a895b000)]
  0x00007f68b4148000 JavaThread "pool-1-thread-3" [_thread_blocked, id=10156, stack(0x00007f68a895b000,0x00007f68a8a5c000)]
  0x00007f68b4147000 JavaThread "pool-1-thread-2" [_thread_blocked, id=10155, stack(0x00007f68a8a5c000,0x00007f68a8b5d000)]
  0x00007f68b4145800 JavaThread "pool-2-thread-1" [_thread_blocked, id=10153, stack(0x00007f68a8b5d000,0x00007f68a8c5e000)]
  0x00007f68b4143800 JavaThread "pool-1-thread-1" [_thread_blocked, id=10152, stack(0x00007f68a8c5e000,0x00007f68a8d5f000)]
  0x00007f68b4099800 JavaThread "Service Thread" daemon [_thread_blocked, id=10144, stack(0x00007f68a9288000,0x00007f68a9389000)]
  0x00007f68b4097800 JavaThread "C2 CompilerThread1" daemon [_thread_blocked, id=10143, stack(0x00007f68a9389000,0x00007f68a948a000)]
  0x00007f68b4094800 JavaThread "C2 CompilerThread0" daemon [_thread_blocked, id=10142, stack(0x00007f68a948a000,0x00007f68a958b000)]
  0x00007f68b4092000 JavaThread "Signal Dispatcher" daemon [_thread_blocked, id=10140, stack(0x00007f68a958b000,0x00007f68a968c000)]
  0x00007f68b4070800 JavaThread "Finalizer" daemon [_thread_blocked, id=10137, stack(0x00007f68a996c000,0x00007f68a9a6d000)]
  0x00007f68b406e800 JavaThread "Reference Handler" daemon [_thread_blocked, id=10136, stack(0x00007f68a9a6d000,0x00007f68a9b6e000)]
  0x00007f68b400a000 JavaThread "main" [_thread_blocked, id=10123, stack(0x00007f68bb98d000,0x00007f68bba8e000)]

Other Threads:
=>0x00007f68b406a000 VMThread [stack: 0x00007f68a9b6e000,0x00007f68a9c6f000] [id=10132]
  0x00007f68b40a4000 WatcherThread [stack: 0x00007f68a9187000,0x00007f68a9288000] [id=10145]

VM state:at safepoint (normal execution)

VM Mutex/Monitor currently owned by a thread:  ([mutex/lock_event])
[0x00007f68b40066c0] Threads_lock - owner thread: 0x00007f68b406a000
[0x00007f68b4006bc0] Heap_lock - owner thread: 0x00007f68b4143800

Heap
 PSYoungGen      total 66048K, used 2553K [0x00000000eaa80000, 0x00000000eed80000, 0x0000000100000000)
  eden space 63488K, 0% used [0x00000000eaa80000,0x00000000eaa80000,0x00000000ee880000)
  from space 2560K, 99% used [0x00000000ee880000,0x00000000eeafe770,0x00000000eeb00000)
  to   space 2560K, 0% used [0x00000000eeb00000,0x00000000eeb00000,0x00000000eed80000)
 ParOldGen       total 40960K, used 22617K [0x00000000c0000000, 0x00000000c2800000, 0x00000000eaa80000)
  object space 40960K, 55% used [0x00000000c0000000,0x00000000c16166a8,0x00000000c2800000)
 PSPermGen       total 21504K, used 5923K [0x00000000bae00000, 0x00000000bc300000, 0x00000000c0000000)
  object space 21504K, 27% used [0x00000000bae00000,0x00000000bb3c8ef8,0x00000000bc300000)

Card table byte_map: [0x00007f68b8a61000,0x00007f68b8c8b000] byte_map_base: 0x00007f68b848a000

Polling page: 0x00007f68bbab7000

Code Cache  [0x00007f68b1000000, 0x00007f68b1270000, 0x00007f68b4000000)
 total_blobs=489 nmethods=259 adapters=183 free_code_cache=48169Kb largest_free_block=49289408

Compilation events (10 events):
Event: 4.766 Thread 0x00007f68b4097800 nmethod 255 0x00007f68b10c8d10 code [0x00007f68b10c8e60, 0x00007f68b10c9038]
Event: 4.766 Thread 0x00007f68b4097800  256             java.lang.Object::equals (11 bytes)
Event: 4.766 Thread 0x00007f68b4097800 nmethod 256 0x00007f68b10c8b10 code [0x00007f68b10c8c40, 0x00007f68b10c8c98]
Event: 4.766 Thread 0x00007f68b4097800  257             com.android.dx.rop.code.RegisterSpecSet::localItemToSpec (49 bytes)
Event: 4.769 Thread 0x00007f68b4097800 nmethod 257 0x00007f68b10f1fd0 code [0x00007f68b10f2140, 0x00007f68b10f2598]
Event: 4.769 Thread 0x00007f68b4097800  258             com.android.dx.rop.code.BasicBlockList::forEachInsn (39 bytes)
Event: 4.771 Thread 0x00007f68b4097800 nmethod 258 0x00007f68b10f1790 code [0x00007f68b10f1900, 0x00007f68b10f1bb8]
Event: 4.771 Thread 0x00007f68b4097800  259             com.android.dx.ssa.SsaBasicBlock::newFromRop (183 bytes)
Event: 4.906 Thread 0x00007f68b4097800 nmethod 259 0x00007f68b10fb510 code [0x00007f68b10fb800, 0x00007f68b10fcea0]
Event: 4.906 Thread 0x00007f68b4097800  260             com.android.dx.ssa.SCCP::simulateBlock (54 bytes)

GC Heap History (9 events):
Event: 0.838 GC heap before
{Heap before GC invocations=1 (full 0):
 PSYoungGen      total 18432K, used 15872K [0x00000000eaa80000, 0x00000000ebf00000, 0x0000000100000000)
  eden space 15872K, 100% used [0x00000000eaa80000,0x00000000eba00000,0x00000000eba00000)
  from space 2560K, 0% used [0x00000000ebc80000,0x00000000ebc80000,0x00000000ebf00000)
  to   space 2560K, 0% used [0x00000000eba00000,0x00000000eba00000,0x00000000ebc80000)
 ParOldGen       total 40960K, used 0K [0x00000000c0000000, 0x00000000c2800000, 0x00000000eaa80000)
  object space 40960K, 0% used [0x00000000c0000000,0x00000000c0000000,0x00000000c2800000)
 PSPermGen       total 21504K, used 5514K [0x00000000bae00000, 0x00000000bc300000, 0x00000000c0000000)
  object space 21504K, 25% used [0x00000000bae00000,0x00000000bb3629a0,0x00000000bc300000)
Event: 0.871 GC heap after
Heap after GC invocations=1 (full 0):
 PSYoungGen      total 18432K, used 2548K [0x00000000eaa80000, 0x00000000ece80000, 0x0000000100000000)
  eden space 15872K, 0% used [0x00000000eaa80000,0x00000000eaa80000,0x00000000eba00000)
  from space 2560K, 99% used [0x00000000eba00000,0x00000000ebc7d298,0x00000000ebc80000)
  to   space 2560K, 0% used [0x00000000ecc00000,0x00000000ecc00000,0x00000000ece80000)
 ParOldGen       total 40960K, used 804K [0x00000000c0000000, 0x00000000c2800000, 0x00000000eaa80000)
  object space 40960K, 1% used [0x00000000c0000000,0x00000000c00c9240,0x00000000c2800000)
 PSPermGen       total 21504K, used 5514K [0x00000000bae00000, 0x00000000bc300000, 0x00000000c0000000)
  object space 21504K, 25% used [0x00000000bae00000,0x00000000bb3629a0,0x00000000bc300000)
}
Event: 1.531 GC heap before
{Heap before GC invocations=2 (full 0):
 PSYoungGen      total 18432K, used 18420K [0x00000000eaa80000, 0x00000000ece80000, 0x0000000100000000)
  eden space 15872K, 100% used [0x00000000eaa80000,0x00000000eba00000,0x00000000eba00000)
  from space 2560K, 99% used [0x00000000eba00000,0x00000000ebc7d298,0x00000000ebc80000)
  to   space 2560K, 0% used [0x00000000ecc00000,0x00000000ecc00000,0x00000000ece80000)
 ParOldGen       total 40960K, used 804K [0x00000000c0000000, 0x00000000c2800000, 0x00000000eaa80000)
  object space 40960K, 1% used [0x00000000c0000000,0x00000000c00c9240,0x00000000c2800000)
 PSPermGen       total 21504K, used 5733K [0x00000000bae00000, 0x00000000bc300000, 0x00000000c0000000)
  object space 21504K, 26% used [0x00000000bae00000,0x00000000bb399628,0x00000000bc300000)
Event: 1.581 GC heap after
Heap after GC invocations=2 (full 0):
 PSYoungGen      total 34304K, used 2529K [0x00000000eaa80000, 0x00000000ece80000, 0x0000000100000000)
  eden space 31744K, 0% used [0x00000000eaa80000,0x00000000eaa80000,0x00000000ec980000)
  from space 2560K, 98% used [0x00000000ecc00000,0x00000000ece78698,0x00000000ece80000)
  to   space 2560K, 0% used [0x00000000ec980000,0x00000000ec980000,0x00000000ecc00000)
 ParOldGen       total 40960K, used 2652K [0x00000000c0000000, 0x00000000c2800000, 0x00000000eaa80000)
  object space 40960K, 6% used [0x00000000c0000000,0x00000000c02972c8,0x00000000c2800000)
 PSPermGen       total 21504K, used 5733K [0x00000000bae00000, 0x00000000bc300000, 0x00000000c0000000)
  object space 21504K, 26% used [0x00000000bae00000,0x00000000bb399628,0x00000000bc300000)
}
Event: 2.641 GC heap before
{Heap before GC invocations=3 (full 0):
 PSYoungGen      total 34304K, used 34273K [0x00000000eaa80000, 0x00000000ece80000, 0x0000000100000000)
  eden space 31744K, 100% used [0x00000000eaa80000,0x00000000ec980000,0x00000000ec980000)
  from space 2560K, 98% used [0x00000000ecc00000,0x00000000ece78698,0x00000000ece80000)
  to   space 2560K, 0% used [0x00000000ec980000,0x00000000ec980000,0x00000000ecc00000)
 ParOldGen       total 40960K, used 2652K [0x00000000c0000000, 0x00000000c2800000, 0x00000000eaa80000)
  object space 40960K, 6% used [0x00000000c0000000,0x00000000c02972c8,0x00000000c2800000)
 PSPermGen       total 21504K, used 5849K [0x00000000bae00000, 0x00000000bc300000, 0x00000000c0000000)
  object space 21504K, 27% used [0x00000000bae00000,0x00000000bb3b67e0,0x00000000bc300000)
Event: 2.680 GC heap after
Heap after GC invocations=3 (full 0):
 PSYoungGen      total 34304K, used 2558K [0x00000000eaa80000, 0x00000000eed80000, 0x0000000100000000)
  eden space 31744K, 0% used [0x00000000eaa80000,0x00000000eaa80000,0x00000000ec980000)
  from space 2560K, 99% used [0x00000000ec980000,0x00000000ecbff8c0,0x00000000ecc00000)
  to   space 2560K, 0% used [0x00000000eeb00000,0x00000000eeb00000,0x00000000eed80000)
 ParOldGen       total 40960K, used 7690K [0x00000000c0000000, 0x00000000c2800000, 0x00000000eaa80000)
  object space 40960K, 18% used [0x00000000c0000000,0x00000000c07828e8,0x00000000c2800000)
 PSPermGen       total 21504K, used 5849K [0x00000000bae00000, 0x00000000bc300000, 0x00000000c0000000)
  object space 21504K, 27% used [0x00000000bae00000,0x00000000bb3b67e0,0x00000000bc300000)
}
Event: 3.778 GC heap before
{Heap before GC invocations=4 (full 0):
 PSYoungGen      total 34304K, used 34302K [0x00000000eaa80000, 0x00000000eed80000, 0x0000000100000000)
  eden space 31744K, 100% used [0x00000000eaa80000,0x00000000ec980000,0x00000000ec980000)
  from space 2560K, 99% used [0x00000000ec980000,0x00000000ecbff8c0,0x00000000ecc00000)
  to   space 2560K, 0% used [0x00000000eeb00000,0x00000000eeb00000,0x00000000eed80000)
 ParOldGen       total 40960K, used 7690K [0x00000000c0000000, 0x00000000c2800000, 0x00000000eaa80000)
  object space 40960K, 18% used [0x00000000c0000000,0x00000000c07828e8,0x00000000c2800000)
 PSPermGen       total 21504K, used 5878K [0x00000000bae00000, 0x00000000bc300000, 0x00000000c0000000)
  object space 21504K, 27% used [0x00000000bae00000,0x00000000bb3bdb10,0x00000000bc300000)
Event: 3.812 GC heap after
Heap after GC invocations=4 (full 0):
 PSYoungGen      total 66048K, used 2544K [0x00000000eaa80000, 0x00000000eed80000, 0x0000000100000000)
  eden space 63488K, 0% used [0x00000000eaa80000,0x00000000eaa80000,0x00000000ee880000)
  from space 2560K, 99% used [0x00000000eeb00000,0x00000000eed7c220,0x00000000eed80000)
  to   space 2560K, 0% used [0x00000000ee880000,0x00000000ee880000,0x00000000eeb00000)
 ParOldGen       total 40960K, used 12579K [0x00000000c0000000, 0x00000000c2800000, 0x00000000eaa80000)
  object space 40960K, 30% used [0x00000000c0000000,0x00000000c0c48ea0,0x00000000c2800000)
 PSPermGen       total 21504K, used 5878K [0x00000000bae00000, 0x00000000bc300000, 0x00000000c0000000)
  object space 21504K, 27% used [0x00000000bae00000,0x00000000bb3bdb10,0x00000000bc300000)
}
Event: 5.809 GC heap before
{Heap before GC invocations=5 (full 0):
 PSYoungGen      total 66048K, used 66032K [0x00000000eaa80000, 0x00000000eed80000, 0x0000000100000000)
  eden space 63488K, 100% used [0x00000000eaa80000,0x00000000ee880000,0x00000000ee880000)
  from space 2560K, 99% used [0x00000000eeb00000,0x00000000eed7c220,0x00000000eed80000)
  to   space 2560K, 0% used [0x00000000ee880000,0x00000000ee880000,0x00000000eeb00000)
 ParOldGen       total 40960K, used 12579K [0x00000000c0000000, 0x00000000c2800000, 0x00000000eaa80000)
  object space 40960K, 30% used [0x00000000c0000000,0x00000000c0c48ea0,0x00000000c2800000)
 PSPermGen       total 21504K, used 5923K [0x00000000bae00000, 0x00000000bc300000, 0x00000000c0000000)
  object space 21504K, 27% used [0x00000000bae00000,0x00000000bb3c8ef8,0x00000000bc300000)

Deoptimization events (9 events):
Event: 0.413 Thread 0x00007f68b400a000 Uncommon trap: reason=unstable_if action=reinterpret pc=0x00007f68b1060c34 method=java.lang.String.indexOf(II)I @ 49
Event: 0.414 Thread 0x00007f68b400a000 Uncommon trap: reason=unstable_if action=reinterpret pc=0x00007f68b1062c48 method=java.lang.String.compareTo(Ljava/lang/String;)I @ 38
Event: 1.026 Thread 0x00007f68b4149800 Uncommon trap: reason=null_check action=make_not_entrant pc=0x00007f68b107f5a4 method=com.android.dx.rop.code.LocalItem.equals(Ljava/lang/Object;)Z @ 1
Event: 1.384 Thread 0x00007f68b4143800 Uncommon trap: reason=unstable_if action=reinterpret pc=0x00007f68b1092928 method=com.android.dx.rop.code.RegisterSpec.equals(ILcom/android/dx/rop/type/TypeBearer;Lcom/android/dx/rop/code/LocalItem;)Z @ 42
Event: 2.454 Thread 0x00007f68b4147000 Uncommon trap: reason=unstable_if action=reinterpret pc=0x00007f68b107ed84 method=com.android.dx.rop.cst.Constant.compareTo(Lcom/android/dx/rop/cst/Constant;)I @ 12
Event: 2.856 Thread 0x00007f68b4147000 Uncommon trap: reason=unstable_if action=reinterpret pc=0x00007f68b10cc000 method=com.android.dx.ssa.LocalVariableExtractor.processBlock(I)V @ 251
Event: 3.621 Thread 0x00007f68b4149800 Uncommon trap: reason=unstable_if action=reinterpret pc=0x00007f68b10957b4 method=com.android.dx.util.IntList.binarysearch(I)I @ 105
Event: 4.115 Thread 0x00007f68b400a000 Uncommon trap: reason=null_check action=make_not_entrant pc=0x00007f68b10d2ff0 method=com.android.dx.rop.type.Type.putIntern(Lcom/android/dx/rop/type/Type;)Lcom/android/dx/rop/type/Type; @ 18
Event: 4.211 Thread 0x00007f68b4147000 Uncommon trap: reason=unstable_if action=reinterpret pc=0x00007f68b10c9e4c method=com.android.dx.ssa.SsaMethod.updateOneDefinition(Lcom/android/dx/ssa/SsaInsn;Lcom/android/dx/rop/code/RegisterSpec;)V @ 4

Internal exceptions (10 events):
Event: 0.740 Thread 0x00007f68b4149800 Threw 0x00000000eb86f950 at /HUDSON/workspace/7u-2-build-linux-amd64/jdk7u80/2329/hotspot/src/share/vm/prims/jvm.cpp:1319
Event: 0.784 Thread 0x00007f68b4149800 Threw 0x00000000eb89dd18 at /HUDSON/workspace/7u-2-build-linux-amd64/jdk7u80/2329/hotspot/src/share/vm/prims/jvm.cpp:1319
Event: 0.832 Thread 0x00007f68b4148000 Threw 0x00000000eb92f478 at /HUDSON/workspace/7u-2-build-linux-amd64/jdk7u80/2329/hotspot/src/share/vm/prims/jvm.cpp:1319
Event: 1.026 Thread 0x00007f68b4149800 Implicit null exception at 0x00007f68b107f352 to 0x00007f68b107f58d
Event: 1.051 Thread 0x00007f68b400a000 Threw 0x00000000eae4d878 at /HUDSON/workspace/7u-2-build-linux-amd64/jdk7u80/2329/hotspot/src/share/vm/prims/jvm.cpp:1319
Event: 1.081 Thread 0x00007f68b400a000 Threw 0x00000000eaf35a08 at /HUDSON/workspace/7u-2-build-linux-amd64/jdk7u80/2329/hotspot/src/share/vm/prims/jvm.cpp:1319
Event: 1.870 Thread 0x00007f68b400a000 Threw 0x00000000eb4d6278 at /HUDSON/workspace/7u-2-build-linux-amd64/jdk7u80/2329/hotspot/src/share/vm/prims/jvm.cpp:1319
Event: 3.441 Thread 0x00007f68b4143800 Threw 0x00000000ec043f08 at /HUDSON/workspace/7u-2-build-linux-amd64/jdk7u80/2329/hotspot/src/share/vm/prims/jvm.cpp:1319
Event: 4.115 Thread 0x00007f68b400a000 Implicit null exception at 0x00007f68b10d292b to 0x00007f68b10d2fe1
Event: 4.210 Thread 0x00007f68b4147000 Threw 0x00000000eb627fd8 at /HUDSON/workspace/7u-2-build-linux-amd64/jdk7u80/2329/hotspot/src/share/vm/prims/jvm.cpp:1319

Events (10 events):
Event: 4.210 loading class 0x00007f6870025060
Event: 4.210 loading class 0x00007f6870025060 done
Event: 4.211 Thread 0x00007f68b4147000 Uncommon trap: trap_request=0xffffff75 fr.pc=0x00007f68b10c9e4c
Event: 4.211 Thread 0x00007f68b4147000 DEOPT PACKING pc=0x00007f68b10c9e4c sp=0x00007f68a8b5afb0
Event: 4.211 Thread 0x00007f68b4147000 DEOPT UNPACKING pc=0x00007f68b1039445 sp=0x00007f68a8b5af78 mode 2
Event: 4.218 Executing VM operation: EnableBiasedLocking
Event: 4.251 Executing VM operation: EnableBiasedLocking done
Event: 4.261 Thread 0x00007f68b4097800 flushing nmethod 0x00007f68b10609d0
Event: 4.261 Thread 0x00007f68b4097800 flushing nmethod 0x00007f68b10629d0
Event: 5.809 Executing VM operation: ParallelGCFailedAllocation


Dynamic libraries:
00400000-00401000 r-xp 00000000 08:04 7610706                            /usr/lib/jvm/java-7-oracle/bin/java
00600000-00601000 rw-p 00000000 08:04 7610706                            /usr/lib/jvm/java-7-oracle/bin/java
01662000-01683000 rw-p 00000000 00:00 0                                  [heap]
bae00000-bc300000 rw-p 00000000 00:00 0 
bc300000-c0000000 rw-p 00000000 00:00 0 
c0000000-c2800000 rw-p 00000000 00:00 0 
c2800000-eaa80000 rw-p 00000000 00:00 0 
eaa80000-eed80000 rw-p 00000000 00:00 0 
f4080000-100000000 rw-p 00000000 00:00 0 
7f6864000000-7f6864021000 rw-p 00000000 00:00 0 
7f6864021000-7f6868000000 ---p 00000000 00:00 0 
7f6868000000-7f6868021000 rw-p 00000000 00:00 0 
7f6868021000-7f686c000000 ---p 00000000 00:00 0 
7f686c000000-7f686c021000 rw-p 00000000 00:00 0 
7f686c021000-7f6870000000 ---p 00000000 00:00 0 
7f6870000000-7f687002c000 rw-p 00000000 00:00 0 
7f687002c000-7f6874000000 ---p 00000000 00:00 0 
7f6874000000-7f6874021000 rw-p 00000000 00:00 0 
7f6874021000-7f6878000000 ---p 00000000 00:00 0 
7f6878000000-7f687802e000 rw-p 00000000 00:00 0 
7f687802e000-7f687c000000 ---p 00000000 00:00 0 
7f687c000000-7f687d070000 rw-p 00000000 00:00 0 
7f687d070000-7f6880000000 ---p 00000000 00:00 0 
7f6880000000-7f6880021000 rw-p 00000000 00:00 0 
7f6880021000-7f6884000000 ---p 00000000 00:00 0 
7f6884000000-7f6884021000 rw-p 00000000 00:00 0 
7f6884021000-7f6888000000 ---p 00000000 00:00 0 
7f6888000000-7f6888e84000 rw-p 00000000 00:00 0 
7f6888e84000-7f688c000000 ---p 00000000 00:00 0 
7f688c000000-7f688c021000 rw-p 00000000 00:00 0 
7f688c021000-7f6890000000 ---p 00000000 00:00 0 
7f6890000000-7f6890021000 rw-p 00000000 00:00 0 
7f6890021000-7f6894000000 ---p 00000000 00:00 0 
7f6894000000-7f6894021000 rw-p 00000000 00:00 0 
7f6894021000-7f6898000000 ---p 00000000 00:00 0 
7f6898000000-7f6898252000 rw-p 00000000 00:00 0 
7f6898252000-7f689c000000 ---p 00000000 00:00 0 
7f689c000000-7f689c021000 rw-p 00000000 00:00 0 
7f689c021000-7f68a0000000 ---p 00000000 00:00 0 
7f68a4000000-7f68a4021000 rw-p 00000000 00:00 0 
7f68a4021000-7f68a8000000 ---p 00000000 00:00 0 
7f68a885a000-7f68a885d000 ---p 00000000 00:00 0 
7f68a885d000-7f68a895b000 rw-p 00000000 00:00 0                          [stack:10159]
7f68a895b000-7f68a895e000 ---p 00000000 00:00 0 
7f68a895e000-7f68a8a5c000 rw-p 00000000 00:00 0                          [stack:10156]
7f68a8a5c000-7f68a8a5f000 ---p 00000000 00:00 0 
7f68a8a5f000-7f68a8b5d000 rw-p 00000000 00:00 0                          [stack:10155]
7f68a8b5d000-7f68a8b60000 ---p 00000000 00:00 0 
7f68a8b60000-7f68a8c5e000 rw-p 00000000 00:00 0                          [stack:10153]
7f68a8c5e000-7f68a8c61000 ---p 00000000 00:00 0 
7f68a8c61000-7f68a8d5f000 rw-p 00000000 00:00 0                          [stack:10152]
7f68a8d5f000-7f68a8d76000 r-xp 00000000 08:04 8531002                    /usr/lib/jvm/java-7-oracle/jre/lib/amd64/libnet.so
7f68a8d76000-7f68a8f75000 ---p 00017000 08:04 8531002                    /usr/lib/jvm/java-7-oracle/jre/lib/amd64/libnet.so
7f68a8f75000-7f68a8f76000 rw-p 00016000 08:04 8531002                    /usr/lib/jvm/java-7-oracle/jre/lib/amd64/libnet.so
7f68a8f76000-7f68a8f86000 r-xp 00000000 08:04 8530960                    /usr/lib/jvm/java-7-oracle/jre/lib/amd64/libnio.so
7f68a8f86000-7f68a9186000 ---p 00010000 08:04 8530960                    /usr/lib/jvm/java-7-oracle/jre/lib/amd64/libnio.so
7f68a9186000-7f68a9187000 rw-p 00010000 08:04 8530960                    /usr/lib/jvm/java-7-oracle/jre/lib/amd64/libnio.so
7f68a9187000-7f68a9188000 ---p 00000000 00:00 0 
7f68a9188000-7f68a9288000 rw-p 00000000 00:00 0                          [stack:10145]
7f68a9288000-7f68a928b000 ---p 00000000 00:00 0 
7f68a928b000-7f68a9389000 rw-p 00000000 00:00 0                          [stack:10144]
7f68a9389000-7f68a938c000 ---p 00000000 00:00 0 
7f68a938c000-7f68a948a000 rw-p 00000000 00:00 0                          [stack:10143]
7f68a948a000-7f68a948d000 ---p 00000000 00:00 0 
7f68a948d000-7f68a958b000 rw-p 00000000 00:00 0                          [stack:10142]
7f68a958b000-7f68a958e000 ---p 00000000 00:00 0 
7f68a958e000-7f68a968c000 rw-p 00000000 00:00 0                          [stack:10140]
7f68a968c000-7f68a996c000 r--p 00000000 08:04 6561709                    /usr/lib/locale/locale-archive
7f68a996c000-7f68a996f000 ---p 00000000 00:00 0 
7f68a996f000-7f68a9a6d000 rw-p 00000000 00:00 0                          [stack:10137]
7f68a9a6d000-7f68a9a70000 ---p 00000000 00:00 0 
7f68a9a70000-7f68a9b6e000 rw-p 00000000 00:00 0                          [stack:10136]
7f68a9b6e000-7f68a9b6f000 ---p 00000000 00:00 0 
7f68a9b6f000-7f68ac000000 rw-p 00000000 00:00 0                          [stack:10132]
7f68ac000000-7f68ac021000 rw-p 00000000 00:00 0 
7f68ac021000-7f68b0000000 ---p 00000000 00:00 0 
7f68b008b000-7f68b00b1000 r--p 00000000 08:04 7212337                    /usr/share/locale-langpack/fr/LC_MESSAGES/libc.mo
7f68b00b1000-7f68b00e2000 rw-p 00000000 00:00 0 
7f68b00e2000-7f68b00f1000 r--s 000df000 08:04 9447088                    /home/ydoukhi/Android/Sdk/build-tools/23.0.3/lib/dx.jar
7f68b00f1000-7f68b0e40000 rw-p 00000000 00:00 0 
7f68b0e40000-7f68b1000000 r--s 039fb000 08:04 7888896                    /usr/lib/jvm/java-7-oracle/jre/lib/rt.jar
7f68b1000000-7f68b1270000 rwxp 00000000 00:00 0 
7f68b1270000-7f68b4186000 rw-p 00000000 00:00 0 
7f68b4186000-7f68b8000000 ---p 00000000 00:00 0 
7f68b8006000-7f68b800d000 r--s 00000000 08:04 6947746                    /usr/lib/x86_64-linux-gnu/gconv/gconv-modules.cache
7f68b800d000-7f68b84de000 rw-p 00000000 00:00 0 
7f68b84de000-7f68b84df000 ---p 00000000 00:00 0 
7f68b84df000-7f68b85df000 rw-p 00000000 00:00 0                          [stack:10131]
7f68b85df000-7f68b85e0000 ---p 00000000 00:00 0 
7f68b85e0000-7f68b86e0000 rw-p 00000000 00:00 0                          [stack:10130]
7f68b86e0000-7f68b86e1000 ---p 00000000 00:00 0 
7f68b86e1000-7f68b87e1000 rw-p 00000000 00:00 0                          [stack:10129]
7f68b87e1000-7f68b87e2000 ---p 00000000 00:00 0 
7f68b87e2000-7f68b88ed000 rw-p 00000000 00:00 0                          [stack:10126]
7f68b88ed000-7f68b890b000 rw-p 00000000 00:00 0 
7f68b890b000-7f68b891f000 rw-p 00000000 00:00 0 
7f68b891f000-7f68b8a61000 rw-p 00000000 00:00 0 
7f68b8a61000-7f68b8a6c000 rw-p 00000000 00:00 0 
7f68b8a6c000-7f68b8a8a000 rw-p 00000000 00:00 0 
7f68b8a8a000-7f68b8a9e000 rw-p 00000000 00:00 0 
7f68b8a9e000-7f68b8bdf000 rw-p 00000000 00:00 0 
7f68b8bdf000-7f68b8c01000 rw-p 00000000 00:00 0 
7f68b8c01000-7f68b8c8a000 rw-p 00000000 00:00 0 
7f68b8c8a000-7f68b8c8b000 rw-p 00000000 00:00 0 
7f68b8c8b000-7f68b8ca2000 r-xp 00000000 08:04 8530989                    /usr/lib/jvm/java-7-oracle/jre/lib/amd64/libzip.so
7f68b8ca2000-7f68b8ea2000 ---p 00017000 08:04 8530989                    /usr/lib/jvm/java-7-oracle/jre/lib/amd64/libzip.so
7f68b8ea2000-7f68b8ea3000 rw-p 00017000 08:04 8530989                    /usr/lib/jvm/java-7-oracle/jre/lib/amd64/libzip.so
7f68b8ea3000-7f68b8eae000 r-xp 00000000 08:04 8917241                    /lib/x86_64-linux-gnu/libnss_files-2.19.so
7f68b8eae000-7f68b90ad000 ---p 0000b000 08:04 8917241                    /lib/x86_64-linux-gnu/libnss_files-2.19.so
7f68b90ad000-7f68b90ae000 r--p 0000a000 08:04 8917241                    /lib/x86_64-linux-gnu/libnss_files-2.19.so
7f68b90ae000-7f68b90af000 rw-p 0000b000 08:04 8917241                    /lib/x86_64-linux-gnu/libnss_files-2.19.so
7f68b90af000-7f68b90ba000 r-xp 00000000 08:04 8917251                    /lib/x86_64-linux-gnu/libnss_nis-2.19.so
7f68b90ba000-7f68b92b9000 ---p 0000b000 08:04 8917251                    /lib/x86_64-linux-gnu/libnss_nis-2.19.so
7f68b92b9000-7f68b92ba000 r--p 0000a000 08:04 8917251                    /lib/x86_64-linux-gnu/libnss_nis-2.19.so
7f68b92ba000-7f68b92bb000 rw-p 0000b000 08:04 8917251                    /lib/x86_64-linux-gnu/libnss_nis-2.19.so
7f68b92bb000-7f68b92d2000 r-xp 00000000 08:04 8917235                    /lib/x86_64-linux-gnu/libnsl-2.19.so
7f68b92d2000-7f68b94d1000 ---p 00017000 08:04 8917235                    /lib/x86_64-linux-gnu/libnsl-2.19.so
7f68b94d1000-7f68b94d2000 r--p 00016000 08:04 8917235                    /lib/x86_64-linux-gnu/libnsl-2.19.so
7f68b94d2000-7f68b94d3000 rw-p 00017000 08:04 8917235                    /lib/x86_64-linux-gnu/libnsl-2.19.so
7f68b94d3000-7f68b94d5000 rw-p 00000000 00:00 0 
7f68b94d5000-7f68b94de000 r-xp 00000000 08:04 8917237                    /lib/x86_64-linux-gnu/libnss_compat-2.19.so
7f68b94de000-7f68b96dd000 ---p 00009000 08:04 8917237                    /lib/x86_64-linux-gnu/libnss_compat-2.19.so
7f68b96dd000-7f68b96de000 r--p 00008000 08:04 8917237                    /lib/x86_64-linux-gnu/libnss_compat-2.19.so
7f68b96de000-7f68b96df000 rw-p 00009000 08:04 8917237                    /lib/x86_64-linux-gnu/libnss_compat-2.19.so
7f68b96df000-7f68b9708000 r-xp 00000000 08:04 8531001                    /usr/lib/jvm/java-7-oracle/jre/lib/amd64/libjava.so
7f68b9708000-7f68b9908000 ---p 00029000 08:04 8531001                    /usr/lib/jvm/java-7-oracle/jre/lib/amd64/libjava.so
7f68b9908000-7f68b990a000 rw-p 00029000 08:04 8531001                    /usr/lib/jvm/java-7-oracle/jre/lib/amd64/libjava.so
7f68b990a000-7f68b9917000 r-xp 00000000 08:04 8531004                    /usr/lib/jvm/java-7-oracle/jre/lib/amd64/libverify.so
7f68b9917000-7f68b9b16000 ---p 0000d000 08:04 8531004                    /usr/lib/jvm/java-7-oracle/jre/lib/amd64/libverify.so
7f68b9b16000-7f68b9b18000 rw-p 0000c000 08:04 8531004                    /usr/lib/jvm/java-7-oracle/jre/lib/amd64/libverify.so
7f68b9b18000-7f68b9b1f000 r-xp 00000000 08:04 8917294                    /lib/x86_64-linux-gnu/librt-2.19.so
7f68b9b1f000-7f68b9d1e000 ---p 00007000 08:04 8917294                    /lib/x86_64-linux-gnu/librt-2.19.so
7f68b9d1e000-7f68b9d1f000 r--p 00006000 08:04 8917294                    /lib/x86_64-linux-gnu/librt-2.19.so
7f68b9d1f000-7f68b9d20000 rw-p 00007000 08:04 8917294                    /lib/x86_64-linux-gnu/librt-2.19.so
7f68b9d20000-7f68b9e25000 r-xp 00000000 08:04 8917216                    /lib/x86_64-linux-gnu/libm-2.19.so
7f68b9e25000-7f68ba024000 ---p 00105000 08:04 8917216                    /lib/x86_64-linux-gnu/libm-2.19.so
7f68ba024000-7f68ba025000 r--p 00104000 08:04 8917216                    /lib/x86_64-linux-gnu/libm-2.19.so
7f68ba025000-7f68ba026000 rw-p 00105000 08:04 8917216                    /lib/x86_64-linux-gnu/libm-2.19.so
7f68ba026000-7f68bab9c000 r-xp 00000000 08:04 8530969                    /usr/lib/jvm/java-7-oracle/jre/lib/amd64/server/libjvm.so
7f68bab9c000-7f68bad9b000 ---p 00b76000 08:04 8530969                    /usr/lib/jvm/java-7-oracle/jre/lib/amd64/server/libjvm.so
7f68bad9b000-7f68bae5f000 rw-p 00b75000 08:04 8530969                    /usr/lib/jvm/java-7-oracle/jre/lib/amd64/server/libjvm.so
7f68bae5f000-7f68baea0000 rw-p 00000000 00:00 0 
7f68baea0000-7f68bb05b000 r-xp 00000000 08:04 8917163                    /lib/x86_64-linux-gnu/libc-2.19.so
7f68bb05b000-7f68bb25a000 ---p 001bb000 08:04 8917163                    /lib/x86_64-linux-gnu/libc-2.19.so
7f68bb25a000-7f68bb25e000 r--p 001ba000 08:04 8917163                    /lib/x86_64-linux-gnu/libc-2.19.so
7f68bb25e000-7f68bb260000 rw-p 001be000 08:04 8917163                    /lib/x86_64-linux-gnu/libc-2.19.so
7f68bb260000-7f68bb265000 rw-p 00000000 00:00 0 
7f68bb265000-7f68bb268000 r-xp 00000000 08:04 8917180                    /lib/x86_64-linux-gnu/libdl-2.19.so
7f68bb268000-7f68bb467000 ---p 00003000 08:04 8917180                    /lib/x86_64-linux-gnu/libdl-2.19.so
7f68bb467000-7f68bb468000 r--p 00002000 08:04 8917180                    /lib/x86_64-linux-gnu/libdl-2.19.so
7f68bb468000-7f68bb469000 rw-p 00003000 08:04 8917180                    /lib/x86_64-linux-gnu/libdl-2.19.so
7f68bb469000-7f68bb47e000 r-xp 00000000 08:04 8133287                    /usr/lib/jvm/java-7-oracle/lib/amd64/jli/libjli.so
7f68bb47e000-7f68bb67d000 ---p 00015000 08:04 8133287                    /usr/lib/jvm/java-7-oracle/lib/amd64/jli/libjli.so
7f68bb67d000-7f68bb67e000 rw-p 00014000 08:04 8133287                    /usr/lib/jvm/java-7-oracle/lib/amd64/jli/libjli.so
7f68bb67e000-7f68bb697000 r-xp 00000000 08:04 8917286                    /lib/x86_64-linux-gnu/libpthread-2.19.so
7f68bb697000-7f68bb896000 ---p 00019000 08:04 8917286                    /lib/x86_64-linux-gnu/libpthread-2.19.so
7f68bb896000-7f68bb897000 r--p 00018000 08:04 8917286                    /lib/x86_64-linux-gnu/libpthread-2.19.so
7f68bb897000-7f68bb898000 rw-p 00019000 08:04 8917286                    /lib/x86_64-linux-gnu/libpthread-2.19.so
7f68bb898000-7f68bb89c000 rw-p 00000000 00:00 0 
7f68bb89c000-7f68bb8bf000 r-xp 00000000 08:04 8917137                    /lib/x86_64-linux-gnu/ld-2.19.so
7f68bb8c4000-7f68bb8cd000 r--s 0008b000 08:04 1322600                    /home/ydoukhi/AndroidStudioProjects/MyApplication2/app/build/intermediates/exploded-aar/com.android.support/appcompat-v7/23.2.1/jars/classes.jar
7f68bb8cd000-7f68bb8d7000 rw-p 00000000 00:00 0 
7f68bb8d7000-7f68bb98d000 rw-p 00000000 00:00 0 
7f68bb98d000-7f68bb990000 ---p 00000000 00:00 0 
7f68bb990000-7f68bba92000 rw-p 00000000 00:00 0                          [stack:10123]
7f68bba97000-7f68bbaae000 rw-p 00000000 00:00 0 
7f68bbaae000-7f68bbab6000 rw-s 00000000 08:04 2621644                    /tmp/hsperfdata_ydoukhi/10118
7f68bbab6000-7f68bbab7000 rw-p 00000000 00:00 0 
7f68bbab7000-7f68bbab8000 ---p 00000000 00:00 0 
7f68bbab8000-7f68bbaba000 rw-p 00000000 00:00 0 
7f68bbaba000-7f68bbabc000 r-xp 00000000 00:00 0                          [vdso]
7f68bbabc000-7f68bbabe000 r--p 00000000 00:00 0                          [vvar]
7f68bbabe000-7f68bbabf000 r--p 00022000 08:04 8917137                    /lib/x86_64-linux-gnu/ld-2.19.so
7f68bbabf000-7f68bbac0000 rw-p 00023000 08:04 8917137                    /lib/x86_64-linux-gnu/ld-2.19.so
7f68bbac0000-7f68bbac1000 rw-p 00000000 00:00 0 
7ffed1d2e000-7ffed1d50000 rw-p 00000000 00:00 0                          [stack]
ffffffffff600000-ffffffffff601000 r-xp 00000000 00:00 0                  [vsyscall]

VM Arguments:
jvm_args: -Djava.awt.headless=true -Xmx1024M -Dfile.encoding=UTF-8 -Duser.country=FR -Duser.language=fr -Duser.variant 
java_command: com.android.dx.command.Main --dex --num-threads=4 --output /home/ydoukhi/AndroidStudioProjects/MyApplication2/app/build/intermediates/pre-dexed/debug/com.android.support-appcompat-v7-23.2.1_5029331124e3722ec37d620affd55a5014a92bd8.jar /home/ydoukhi/AndroidStudioProjects/MyApplication2/app/build/intermediates/exploded-aar/com.android.support/appcompat-v7/23.2.1/jars/classes.jar
Launcher Type: SUN_STANDARD

Environment Variables:
PATH=/usr/local/sbin:/usr/local/bin:/usr/sbin:/usr/bin:/sbin:/bin:/usr/games:/usr/local/games:/opt/android-studio/bin
USERNAME=ydoukhi
LD_LIBRARY_PATH=/opt/android-studio/bin:
SHELL=/bin/bash
DISPLAY=:0

Signal Handlers:
SIGSEGV: [libjvm.so+0x9a3b20], sa_mask[0]=0x7ffbfeff, sa_flags=0x10000004
SIGBUS: [libjvm.so+0x9a3b20], sa_mask[0]=0x7ffbfeff, sa_flags=0x10000004
SIGFPE: [libjvm.so+0x81e740], sa_mask[0]=0x7ffbfeff, sa_flags=0x10000004
SIGPIPE: [libjvm.so+0x81e740], sa_mask[0]=0x7ffbfeff, sa_flags=0x10000004
SIGXFSZ: [libjvm.so+0x81e740], sa_mask[0]=0x7ffbfeff, sa_flags=0x10000004
SIGILL: [libjvm.so+0x81e740], sa_mask[0]=0x7ffbfeff, sa_flags=0x10000004
SIGUSR1: SIG_DFL, sa_mask[0]=0x00000000, sa_flags=0x00000000
SIGUSR2: [libjvm.so+0x81ffb0], sa_mask[0]=0x00000004, sa_flags=0x10000004
SIGHUP: [libjvm.so+0x8210d0], sa_mask[0]=0x7ffbfeff, sa_flags=0x10000004
SIGINT: [libjvm.so+0x8210d0], sa_mask[0]=0x7ffbfeff, sa_flags=0x10000004
SIGTERM: [libjvm.so+0x8210d0], sa_mask[0]=0x7ffbfeff, sa_flags=0x10000004
SIGQUIT: [libjvm.so+0x8210d0], sa_mask[0]=0x7ffbfeff, sa_flags=0x10000004


---------------  S Y S T E M  ---------------

OS:jessie/sid

uname:Linux 3.16.0-38-generic #52~14.04.1-Ubuntu SMP Fri May 8 09:43:57 UTC 2015 x86_64
libc:glibc 2.19 NPTL 2.19 
rlimit: STACK 8192k, CORE 0k, NPROC 15386, NOFILE 4096, AS infinity
load average:6.22 2.15 1.22

/proc/meminfo:
MemTotal:        3969924 kB
MemFree:          135288 kB
MemAvailable:      85752 kB
Buffers:             644 kB
Cached:           206968 kB
SwapCached:            0 kB
Active:          3463772 kB
Inactive:         180436 kB
Active(anon):    3459348 kB
Inactive(anon):   147080 kB
Active(file):       4424 kB
Inactive(file):    33356 kB
Unevictable:          32 kB
Mlocked:              32 kB
SwapTotal:             0 kB
SwapFree:              0 kB
Dirty:               252 kB
Writeback:             0 kB
AnonPages:       3437376 kB
Mapped:           141792 kB
Shmem:            169044 kB
Slab:              69696 kB
SReclaimable:      32072 kB
SUnreclaim:        37624 kB
KernelStack:       12560 kB
PageTables:        56236 kB
NFS_Unstable:          0 kB
Bounce:                0 kB
WritebackTmp:          0 kB
CommitLimit:     1984960 kB
Committed_AS:    7869616 kB
VmallocTotal:   34359738367 kB
VmallocUsed:      348404 kB
VmallocChunk:   34359375400 kB
HardwareCorrupted:     0 kB
AnonHugePages:   1470464 kB
HugePages_Total:       0
HugePages_Free:        0
HugePages_Rsvd:        0
HugePages_Surp:        0
Hugepagesize:       2048 kB
DirectMap4k:       92096 kB
DirectMap2M:     1927168 kB
DirectMap1G:     2097152 kB


CPU:total 4 (4 cores per cpu, 1 threads per core) family 6 model 60 stepping 3, cmov, cx8, fxsr, mmx, sse, sse2, sse3, ssse3, sse4.1, sse4.2, popcnt, avx, avx2, aes, erms, tsc, tscinvbit

/proc/cpuinfo:
processor	: 0
vendor_id	: GenuineIntel
cpu family	: 6
model		: 60
model name	: Intel(R) Core(TM) i5-4590S CPU @ 3.00GHz
stepping	: 3
microcode	: 0x1a
cpu MHz		: 1894.218
cache size	: 6144 KB
physical id	: 0
siblings	: 4
core id		: 0
cpu cores	: 4
apicid		: 0
initial apicid	: 0
fpu		: yes
fpu_exception	: yes
cpuid level	: 13
wp		: yes
flags		: fpu vme de pse tsc msr pae mce cx8 apic sep mtrr pge mca cmov pat pse36 clflush dts acpi mmx fxsr sse sse2 ss ht tm pbe syscall nx pdpe1gb rdtscp lm constant_tsc arch_perfmon pebs bts rep_good nopl xtopology nonstop_tsc aperfmperf eagerfpu pni pclmulqdq dtes64 monitor ds_cpl vmx smx est tm2 ssse3 fma cx16 xtpr pdcm pcid sse4_1 sse4_2 x2apic movbe popcnt tsc_deadline_timer aes xsave avx f16c rdrand lahf_lm abm ida arat epb xsaveopt pln pts dtherm tpr_shadow vnmi flexpriority ept vpid fsgsbase tsc_adjust bmi1 hle avx2 smep bmi2 erms invpcid rtm
bogomips	: 5986.09
clflush size	: 64
cache_alignment	: 64
address sizes	: 39 bits physical, 48 bits virtual
power management:

processor	: 1
vendor_id	: GenuineIntel
cpu family	: 6
model		: 60
model name	: Intel(R) Core(TM) i5-4590S CPU @ 3.00GHz
stepping	: 3
microcode	: 0x1a
cpu MHz		: 2578.593
cache size	: 6144 KB
physical id	: 0
siblings	: 4
core id		: 1
cpu cores	: 4
apicid		: 2
initial apicid	: 2
fpu		: yes
fpu_exception	: yes
cpuid level	: 13
wp		: yes
flags		: fpu vme de pse tsc msr pae mce cx8 apic sep mtrr pge mca cmov pat pse36 clflush dts acpi mmx fxsr sse sse2 ss ht tm pbe syscall nx pdpe1gb rdtscp lm constant_tsc arch_perfmon pebs bts rep_good nopl xtopology nonstop_tsc aperfmperf eagerfpu pni pclmulqdq dtes64 monitor ds_cpl vmx smx est tm2 ssse3 fma cx16 xtpr pdcm pcid sse4_1 sse4_2 x2apic movbe popcnt tsc_deadline_timer aes xsave avx f16c rdrand lahf_lm abm ida arat epb xsaveopt pln pts dtherm tpr_shadow vnmi flexpriority ept vpid fsgsbase tsc_adjust bmi1 hle avx2 smep bmi2 erms invpcid rtm
bogomips	: 5986.09
clflush size	: 64
cache_alignment	: 64
address sizes	: 39 bits physical, 48 bits virtual
power management:

processor	: 2
vendor_id	: GenuineIntel
cpu family	: 6
model		: 60
model name	: Intel(R) Core(TM) i5-4590S CPU @ 3.00GHz
stepping	: 3
microcode	: 0x1a
cpu MHz		: 3187.265
cache size	: 6144 KB
physical id	: 0
siblings	: 4
core id		: 2
cpu cores	: 4
apicid		: 4
initial apicid	: 4
fpu		: yes
fpu_exception	: yes
cpuid level	: 13
wp		: yes
flags		: fpu vme de pse tsc msr pae mce cx8 apic sep mtrr pge mca cmov pat pse36 clflush dts acpi mmx fxsr sse sse2 ss ht tm pbe syscall nx pdpe1gb rdtscp lm constant_tsc arch_perfmon pebs bts rep_good nopl xtopology nonstop_tsc aperfmperf eagerfpu pni pclmulqdq dtes64 monitor ds_cpl vmx smx est tm2 ssse3 fma cx16 xtpr pdcm pcid sse4_1 sse4_2 x2apic movbe popcnt tsc_deadline_timer aes xsave avx f16c rdrand lahf_lm abm ida arat epb xsaveopt pln pts dtherm tpr_shadow vnmi flexpriority ept vpid fsgsbase tsc_adjust bmi1 hle avx2 smep bmi2 erms invpcid rtm
bogomips	: 5986.09
clflush size	: 64
cache_alignment	: 64
address sizes	: 39 bits physical, 48 bits virtual
power management:

processor	: 3
vendor_id	: GenuineIntel
cpu family	: 6
model		: 60
model name	: Intel(R) Core(TM) i5-4590S CPU @ 3.00GHz
stepping	: 3
microcode	: 0x1a
cpu MHz		: 2730.820
cache size	: 6144 KB
physical id	: 0
siblings	: 4
core id		: 3
cpu cores	: 4
apicid		: 6
initial apicid	: 6
fpu		: yes
fpu_exception	: yes
cpuid level	: 13
wp		: yes
flags		: fpu vme de pse tsc msr pae mce cx8 apic sep mtrr pge mca cmov pat pse36 clflush dts acpi mmx fxsr sse sse2 ss ht tm pbe syscall nx pdpe1gb rdtscp lm constant_tsc arch_perfmon pebs bts rep_good nopl xtopology nonstop_tsc aperfmperf eagerfpu pni pclmulqdq dtes64 monitor ds_cpl vmx smx est tm2 ssse3 fma cx16 xtpr pdcm pcid sse4_1 sse4_2 x2apic movbe popcnt tsc_deadline_timer aes xsave avx f16c rdrand lahf_lm abm ida arat epb xsaveopt pln pts dtherm tpr_shadow vnmi flexpriority ept vpid fsgsbase tsc_adjust bmi1 hle avx2 smep bmi2 erms invpcid rtm
bogomips	: 5986.09
clflush size	: 64
cache_alignment	: 64
address sizes	: 39 bits physical, 48 bits virtual
power management:



Memory: 4k page, physical 3969924k(135288k free), swap 0k(0k free)

vm_info: Java HotSpot(TM) 64-Bit Server VM (24.80-b11) for linux-amd64 JRE (1.7.0_80-b15), built on Apr 10 2015 19:53:14 by "java_re" with gcc 4.3.0 20080428 (Red Hat 4.3.0-8)

time: Wed Apr 13 14:25:01 2016
elapsed time: 11 seconds

