#
# There is insufficient memory for the Java Runtime Environment to continue.
# Native memory allocation (malloc) failed to allocate 73400320 bytes for committing reserved memory.
# Possible reasons:
#   The system is out of physical RAM or swap space
#   In 32 bit mode, the process size limit was hit
# Possible solutions:
#   Reduce memory load on the system
#   Increase physical memory or swap space
#   Check if swap backing store is full
#   Use 64 bit Java on a 64 bit OS
#   Decrease Java heap size (-Xmx/-Xms)
#   Decrease number of Java threads
#   Decrease Java thread stack sizes (-Xss)
#   Set larger code cache with -XX:ReservedCodeCacheSize=
# This output file may be truncated or incomplete.
#
#  Out of Memory Error (os_linux.cpp:2756), pid=10027, tid=139810673436416
#
# JRE version: Java(TM) SE Runtime Environment (7.0_80-b15) (build 1.7.0_80-b15)
# Java VM: Java HotSpot(TM) 64-Bit Server VM (24.80-b11 mixed mode linux-amd64 compressed oops)
# Failed to write core dump. Core dumps have been disabled. To enable core dumping, try "ulimit -c unlimited" before starting Java again
#

---------------  T H R E A D  ---------------

Current thread (0x00007f284006a000):  VMThread [stack: 0x00007f283576a000,0x00007f283586b000] [id=10064]

Stack: [0x00007f283576a000,0x00007f283586b000],  sp=0x00007f2835868fc0,  free space=1019k
Native frames: (J=compiled Java code, j=interpreted, Vv=VM code, C=native code)
V  [libjvm.so+0x9a320a]  VMError::report_and_die()+0x2ea
V  [libjvm.so+0x498d3b]  report_vm_out_of_memory(char const*, int, unsigned long, char const*)+0x9b
V  [libjvm.so+0x82191e]  os::Linux::commit_memory_impl(char*, unsigned long, bool)+0xfe
V  [libjvm.so+0x821e69]  os::pd_commit_memory(char*, unsigned long, unsigned long, bool)+0x29
V  [libjvm.so+0x81bb6a]  os::commit_memory(char*, unsigned long, unsigned long, bool)+0x2a
V  [libjvm.so+0x88d623]  PSVirtualSpace::expand_by(unsigned long)+0x53
V  [libjvm.so+0x88e9f8]  PSYoungGen::resize_generation(unsigned long, unsigned long)+0xf8
V  [libjvm.so+0x88db62]  PSYoungGen::resize(unsigned long, unsigned long)+0x22
V  [libjvm.so+0x88af1d]  PSScavenge::invoke_no_policy()+0xf3d
V  [libjvm.so+0x88b761]  PSScavenge::invoke()+0x41
V  [libjvm.so+0x843f40]  ParallelScavengeHeap::failed_mem_allocate(unsigned long)+0x70
V  [libjvm.so+0x9a4a97]  VM_ParallelGCFailedAllocation::doit()+0x97
V  [libjvm.so+0x9abf35]  VM_Operation::evaluate()+0x55
V  [libjvm.so+0x9aa2fa]  VMThread::evaluate_operation(VM_Operation*)+0xba
V  [libjvm.so+0x9aa67e]  VMThread::loop()+0x1ce
V  [libjvm.so+0x9aaaf0]  VMThread::run()+0x70
V  [libjvm.so+0x8238c8]  java_start(Thread*)+0x108

VM_Operation (0x00007f2834554d90): ParallelGCFailedAllocation, mode: safepoint, requested by thread 0x00007f2840149000


---------------  P R O C E S S  ---------------

Java Threads: ( => current thread )
  0x00007f2840149000 JavaThread "pool-1-thread-4" [_thread_blocked, id=10109, stack(0x00007f2834456000,0x00007f2834557000)]
  0x00007f2840147800 JavaThread "pool-1-thread-3" [_thread_blocked, id=10108, stack(0x00007f2834557000,0x00007f2834658000)]
  0x00007f2840146000 JavaThread "pool-1-thread-2" [_thread_blocked, id=10106, stack(0x00007f2834658000,0x00007f2834759000)]
  0x00007f2840142800 JavaThread "pool-2-thread-1" [_thread_blocked, id=10103, stack(0x00007f2834759000,0x00007f283485a000)]
  0x00007f2840141000 JavaThread "pool-1-thread-1" [_thread_blocked, id=10102, stack(0x00007f283485a000,0x00007f283495b000)]
  0x00007f2840099800 JavaThread "Service Thread" daemon [_thread_blocked, id=10086, stack(0x00007f2834e84000,0x00007f2834f85000)]
  0x00007f2840097800 JavaThread "C2 CompilerThread1" daemon [_thread_blocked, id=10081, stack(0x00007f2834f85000,0x00007f2835086000)]
  0x00007f2840094800 JavaThread "C2 CompilerThread0" daemon [_thread_blocked, id=10079, stack(0x00007f2835086000,0x00007f2835187000)]
  0x00007f2840092000 JavaThread "Signal Dispatcher" daemon [_thread_blocked, id=10077, stack(0x00007f2835187000,0x00007f2835288000)]
  0x00007f2840070800 JavaThread "Finalizer" daemon [_thread_blocked, id=10071, stack(0x00007f2835568000,0x00007f2835669000)]
  0x00007f284006e800 JavaThread "Reference Handler" daemon [_thread_blocked, id=10069, stack(0x00007f2835669000,0x00007f283576a000)]
  0x00007f284000a000 JavaThread "main" [_thread_blocked, id=10044, stack(0x00007f284757b000,0x00007f284767c000)]

Other Threads:
=>0x00007f284006a000 VMThread [stack: 0x00007f283576a000,0x00007f283586b000] [id=10064]
  0x00007f28400a4000 WatcherThread [stack: 0x00007f2834d83000,0x00007f2834e84000] [id=10091]

VM state:at safepoint (normal execution)

VM Mutex/Monitor currently owned by a thread:  ([mutex/lock_event])
[0x00007f28400066a0] Threads_lock - owner thread: 0x00007f284006a000
[0x00007f2840006ba0] Heap_lock - owner thread: 0x00007f2840149000

Heap
 PSYoungGen      total 72192K, used 10217K [0x00000000eaa80000, 0x00000000efc80000, 0x0000000100000000)
  eden space 61952K, 0% used [0x00000000eaa80000,0x00000000eaa80000,0x00000000ee700000)
  from space 10240K, 99% used [0x00000000ee700000,0x00000000ef0fa7f0,0x00000000ef100000)
  to   space 8704K, 0% used [0x00000000ef100000,0x00000000ef100000,0x00000000ef980000)
 ParOldGen       total 40960K, used 18896K [0x00000000c0000000, 0x00000000c2800000, 0x00000000eaa80000)
  object space 40960K, 46% used [0x00000000c0000000,0x00000000c12741f8,0x00000000c2800000)
 PSPermGen       total 21504K, used 5948K [0x00000000bae00000, 0x00000000bc300000, 0x00000000c0000000)
  object space 21504K, 27% used [0x00000000bae00000,0x00000000bb3cf270,0x00000000bc300000)

Card table byte_map: [0x00007f284464b000,0x00007f2844875000] byte_map_base: 0x00007f2844074000

Polling page: 0x00007f28476a5000

Code Cache  [0x00007f283d000000, 0x00007f283d270000, 0x00007f2840000000)
 total_blobs=506 nmethods=276 adapters=183 free_code_cache=47968Kb largest_free_block=49057280

Compilation events (10 events):
Event: 13.384 Thread 0x00007f2840094800 nmethod 277 0x00007f283d084f50 code [0x00007f283d0850c0, 0x00007f283d085478]
Event: 13.384 Thread 0x00007f2840094800  278             java.lang.String::getChars (62 bytes)
Event: 13.385 Thread 0x00007f2840094800 nmethod 278 0x00007f283d084b10 code [0x00007f283d084c60, 0x00007f283d084dd8]
Event: 13.385 Thread 0x00007f2840094800  279             com.android.dx.ssa.SsaBasicBlock::getCountPhiInsns (45 bytes)
Event: 13.443 Thread 0x00007f2840094800 nmethod 279 0x00007f283d0e8b90 code [0x00007f283d0e8ce0, 0x00007f283d0e8ed8]
Event: 13.443 Thread 0x00007f2840094800  280             com.android.dx.rop.code.RegisterSpec::make (7 bytes)
Event: 13.443 Thread 0x00007f2840094800 nmethod 280 0x00007f283d084810 code [0x00007f283d084960, 0x00007f283d0849c8]
Event: 13.443 Thread 0x00007f2840094800  281             com.android.dx.ssa.back.SsaToRop::convertInsns (53 bytes)
Event: 13.459 Thread 0x00007f2840094800 nmethod 281 0x00007f283d0e80d0 code [0x00007f283d0e8260, 0x00007f283d0e8678]
Event: 13.459 Thread 0x00007f2840094800  282             java.util.Collections$UnmodifiableCollection$1::next (10 bytes)

GC Heap History (10 events):
Event: 7.246 GC heap after
Heap after GC invocations=2 (full 0):
 PSYoungGen      total 18432K, used 2557K [0x00000000eaa80000, 0x00000000ece80000, 0x0000000100000000)
  eden space 15872K, 0% used [0x00000000eaa80000,0x00000000eaa80000,0x00000000eba00000)
  from space 2560K, 99% used [0x00000000ebc80000,0x00000000ebeff728,0x00000000ebf00000)
  to   space 2560K, 0% used [0x00000000eba00000,0x00000000eba00000,0x00000000ebc80000)
 ParOldGen       total 40960K, used 1828K [0x00000000c0000000, 0x00000000c2800000, 0x00000000eaa80000)
  object space 40960K, 4% used [0x00000000c0000000,0x00000000c01c92d0,0x00000000c2800000)
 PSPermGen       total 21504K, used 5654K [0x00000000bae00000, 0x00000000bc300000, 0x00000000c0000000)
  object space 21504K, 26% used [0x00000000bae00000,0x00000000bb385908,0x00000000bc300000)
}
Event: 7.734 GC heap before
{Heap before GC invocations=3 (full 0):
 PSYoungGen      total 18432K, used 18429K [0x00000000eaa80000, 0x00000000ece80000, 0x0000000100000000)
  eden space 15872K, 100% used [0x00000000eaa80000,0x00000000eba00000,0x00000000eba00000)
  from space 2560K, 99% used [0x00000000ebc80000,0x00000000ebeff728,0x00000000ebf00000)
  to   space 2560K, 0% used [0x00000000eba00000,0x00000000eba00000,0x00000000ebc80000)
 ParOldGen       total 40960K, used 1828K [0x00000000c0000000, 0x00000000c2800000, 0x00000000eaa80000)
  object space 40960K, 4% used [0x00000000c0000000,0x00000000c01c92d0,0x00000000c2800000)
 PSPermGen       total 21504K, used 5790K [0x00000000bae00000, 0x00000000bc300000, 0x00000000c0000000)
  object space 21504K, 26% used [0x00000000bae00000,0x00000000bb3a7920,0x00000000bc300000)
Event: 7.756 GC heap after
Heap after GC invocations=3 (full 0):
 PSYoungGen      total 18432K, used 2541K [0x00000000eaa80000, 0x00000000ece80000, 0x0000000100000000)
  eden space 15872K, 0% used [0x00000000eaa80000,0x00000000eaa80000,0x00000000eba00000)
  from space 2560K, 99% used [0x00000000eba00000,0x00000000ebc7b488,0x00000000ebc80000)
  to   space 2560K, 0% used [0x00000000ecc00000,0x00000000ecc00000,0x00000000ece80000)
 ParOldGen       total 40960K, used 4842K [0x00000000c0000000, 0x00000000c2800000, 0x00000000eaa80000)
  object space 40960K, 11% used [0x00000000c0000000,0x00000000c04babe0,0x00000000c2800000)
 PSPermGen       total 21504K, used 5790K [0x00000000bae00000, 0x00000000bc300000, 0x00000000c0000000)
  object space 21504K, 26% used [0x00000000bae00000,0x00000000bb3a7920,0x00000000bc300000)
}
Event: 8.154 GC heap before
{Heap before GC invocations=4 (full 0):
 PSYoungGen      total 18432K, used 18413K [0x00000000eaa80000, 0x00000000ece80000, 0x0000000100000000)
  eden space 15872K, 100% used [0x00000000eaa80000,0x00000000eba00000,0x00000000eba00000)
  from space 2560K, 99% used [0x00000000eba00000,0x00000000ebc7b488,0x00000000ebc80000)
  to   space 2560K, 0% used [0x00000000ecc00000,0x00000000ecc00000,0x00000000ece80000)
 ParOldGen       total 40960K, used 4842K [0x00000000c0000000, 0x00000000c2800000, 0x00000000eaa80000)
  object space 40960K, 11% used [0x00000000c0000000,0x00000000c04babe0,0x00000000c2800000)
 PSPermGen       total 21504K, used 5829K [0x00000000bae00000, 0x00000000bc300000, 0x00000000c0000000)
  object space 21504K, 27% used [0x00000000bae00000,0x00000000bb3b15f0,0x00000000bc300000)
Event: 8.175 GC heap after
Heap after GC invocations=4 (full 0):
 PSYoungGen      total 34304K, used 2530K [0x00000000eaa80000, 0x00000000ece80000, 0x0000000100000000)
  eden space 31744K, 0% used [0x00000000eaa80000,0x00000000eaa80000,0x00000000ec980000)
  from space 2560K, 98% used [0x00000000ecc00000,0x00000000ece78868,0x00000000ece80000)
  to   space 2560K, 0% used [0x00000000ec980000,0x00000000ec980000,0x00000000ecc00000)
 ParOldGen       total 40960K, used 7183K [0x00000000c0000000, 0x00000000c2800000, 0x00000000eaa80000)
  object space 40960K, 17% used [0x00000000c0000000,0x00000000c0703cd8,0x00000000c2800000)
 PSPermGen       total 21504K, used 5829K [0x00000000bae00000, 0x00000000bc300000, 0x00000000c0000000)
  object space 21504K, 27% used [0x00000000bae00000,0x00000000bb3b15f0,0x00000000bc300000)
}
Event: 10.221 GC heap before
{Heap before GC invocations=5 (full 0):
 PSYoungGen      total 34304K, used 34274K [0x00000000eaa80000, 0x00000000ece80000, 0x0000000100000000)
  eden space 31744K, 100% used [0x00000000eaa80000,0x00000000ec980000,0x00000000ec980000)
  from space 2560K, 98% used [0x00000000ecc00000,0x00000000ece78868,0x00000000ece80000)
  to   space 2560K, 0% used [0x00000000ec980000,0x00000000ec980000,0x00000000ecc00000)
 ParOldGen       total 40960K, used 7183K [0x00000000c0000000, 0x00000000c2800000, 0x00000000eaa80000)
  object space 40960K, 17% used [0x00000000c0000000,0x00000000c0703cd8,0x00000000c2800000)
 PSPermGen       total 21504K, used 5865K [0x00000000bae00000, 0x00000000bc300000, 0x00000000c0000000)
  object space 21504K, 27% used [0x00000000bae00000,0x00000000bb3ba648,0x00000000bc300000)
Event: 10.248 GC heap after
Heap after GC invocations=5 (full 0):
 PSYoungGen      total 34304K, used 2530K [0x00000000eaa80000, 0x00000000ef980000, 0x0000000100000000)
  eden space 31744K, 0% used [0x00000000eaa80000,0x00000000eaa80000,0x00000000ec980000)
  from space 2560K, 98% used [0x00000000ec980000,0x00000000ecbf8868,0x00000000ecc00000)
  to   space 8704K, 0% used [0x00000000ef100000,0x00000000ef100000,0x00000000ef980000)
 ParOldGen       total 40960K, used 11177K [0x00000000c0000000, 0x00000000c2800000, 0x00000000eaa80000)
  object space 40960K, 27% used [0x00000000c0000000,0x00000000c0aea780,0x00000000c2800000)
 PSPermGen       total 21504K, used 5865K [0x00000000bae00000, 0x00000000bc300000, 0x00000000c0000000)
  object space 21504K, 27% used [0x00000000bae00000,0x00000000bb3ba648,0x00000000bc300000)
}
Event: 11.334 GC heap before
{Heap before GC invocations=6 (full 0):
 PSYoungGen      total 34304K, used 34274K [0x00000000eaa80000, 0x00000000ef980000, 0x0000000100000000)
  eden space 31744K, 100% used [0x00000000eaa80000,0x00000000ec980000,0x00000000ec980000)
  from space 2560K, 98% used [0x00000000ec980000,0x00000000ecbf8868,0x00000000ecc00000)
  to   space 8704K, 0% used [0x00000000ef100000,0x00000000ef100000,0x00000000ef980000)
 ParOldGen       total 40960K, used 11177K [0x00000000c0000000, 0x00000000c2800000, 0x00000000eaa80000)
  object space 40960K, 27% used [0x00000000c0000000,0x00000000c0aea780,0x00000000c2800000)
 PSPermGen       total 21504K, used 5894K [0x00000000bae00000, 0x00000000bc300000, 0x00000000c0000000)
  object space 21504K, 27% used [0x00000000bae00000,0x00000000bb3c18d8,0x00000000bc300000)
Event: 11.460 GC heap after
Heap after GC invocations=6 (full 0):
 PSYoungGen      total 70656K, used 8463K [0x00000000eaa80000, 0x00000000efc80000, 0x0000000100000000)
  eden space 61952K, 0% used [0x00000000eaa80000,0x00000000eaa80000,0x00000000ee700000)
  from space 8704K, 97% used [0x00000000ef100000,0x00000000ef943db8,0x00000000ef980000)
  to   space 10240K, 0% used [0x00000000ee700000,0x00000000ee700000,0x00000000ef100000)
 ParOldGen       total 40960K, used 11177K [0x00000000c0000000, 0x00000000c2800000, 0x00000000eaa80000)
  object space 40960K, 27% used [0x00000000c0000000,0x00000000c0aea780,0x00000000c2800000)
 PSPermGen       total 21504K, used 5894K [0x00000000bae00000, 0x00000000bc300000, 0x00000000c0000000)
  object space 21504K, 27% used [0x00000000bae00000,0x00000000bb3c18d8,0x00000000bc300000)
}
Event: 14.105 GC heap before
{Heap before GC invocations=7 (full 0):
 PSYoungGen      total 70656K, used 70415K [0x00000000eaa80000, 0x00000000efc80000, 0x0000000100000000)
  eden space 61952K, 100% used [0x00000000eaa80000,0x00000000ee700000,0x00000000ee700000)
  from space 8704K, 97% used [0x00000000ef100000,0x00000000ef943db8,0x00000000ef980000)
  to   space 10240K, 0% used [0x00000000ee700000,0x00000000ee700000,0x00000000ef100000)
 ParOldGen       total 40960K, used 11177K [0x00000000c0000000, 0x00000000c2800000, 0x00000000eaa80000)
  object space 40960K, 27% used [0x00000000c0000000,0x00000000c0aea780,0x00000000c2800000)
 PSPermGen       total 21504K, used 5948K [0x00000000bae00000, 0x00000000bc300000, 0x00000000c0000000)
  object space 21504K, 27% used [0x00000000bae00000,0x00000000bb3cf270,0x00000000bc300000)

Deoptimization events (10 events):
Event: 10.527 Thread 0x00007f284000a000 Uncommon trap: reason=null_check action=make_not_entrant pc=0x00007f283d0d27d4 method=com.android.dx.rop.type.Type.putIntern(Lcom/android/dx/rop/type/Type;)Lcom/android/dx/rop/type/Type; @ 18
Event: 10.558 Thread 0x00007f2840147800 Uncommon trap: reason=unstable_if action=reinterpret pc=0x00007f283d0f55c4 method=com.android.dx.rop.code.RegisterSpecSet.put(Lcom/android/dx/rop/code/RegisterSpec;)V @ 77
Event: 10.611 Thread 0x00007f2840149000 Uncommon trap: reason=class_check action=maybe_recompile pc=0x00007f283d0b7618 method=java.util.HashMap.put(Ljava/lang/Object;Ljava/lang/Object;)Ljava/lang/Object; @ 83
Event: 10.611 Thread 0x00007f2840149000 Uncommon trap: reason=class_check action=maybe_recompile pc=0x00007f283d0b7618 method=java.util.HashMap.put(Ljava/lang/Object;Ljava/lang/Object;)Ljava/lang/Object; @ 83
Event: 10.611 Thread 0x00007f2840149000 Uncommon trap: reason=class_check action=maybe_recompile pc=0x00007f283d0b7618 method=java.util.HashMap.put(Ljava/lang/Object;Ljava/lang/Object;)Ljava/lang/Object; @ 83
Event: 10.611 Thread 0x00007f2840149000 Uncommon trap: reason=class_check action=maybe_recompile pc=0x00007f283d0b7618 method=java.util.HashMap.put(Ljava/lang/Object;Ljava/lang/Object;)Ljava/lang/Object; @ 83
Event: 10.724 Thread 0x00007f2840147800 Uncommon trap: reason=unstable_if action=reinterpret pc=0x00007f283d0df8b4 method=com.android.dx.ssa.SCCP.simulateBranch(Lcom/android/dx/ssa/SsaInsn;)V @ 64
Event: 10.725 Thread 0x00007f2840147800 Uncommon trap: reason=unstable_if action=reinterpret pc=0x00007f283d0d908c method=com.android.dx.ssa.SsaMethod.updateOneDefinition(Lcom/android/dx/ssa/SsaInsn;Lcom/android/dx/rop/code/RegisterSpec;)V @ 4
Event: 12.967 Thread 0x00007f284000a000 Uncommon trap: reason=unloaded action=reinterpret pc=0x00007f283d0fde64 method=com.android.dx.cf.cst.ConstantPoolParser.parse0(ILjava/util/BitSet;)Lcom/android/dx/rop/cst/Constant; @ 220
Event: 13.219 Thread 0x00007f2840147800 Uncommon trap: reason=null_check action=make_not_entrant pc=0x00007f283d12e0d4 method=com.android.dx.cf.code.Ropper$CatchInfo.getSetup(Lcom/android/dx/rop/type/Type;)Lcom/android/dx/cf/code/Ropper$ExceptionHandlerSetup; @ 10

Internal exceptions (10 events):
Event: 6.896 Thread 0x00007f2840147800 Threw 0x00000000eb206538 at /HUDSON/workspace/7u-2-build-linux-amd64/jdk7u80/2329/hotspot/src/share/vm/prims/jvm.cpp:1319
Event: 6.911 Thread 0x00007f284000a000 Threw 0x00000000eb1b56b8 at /HUDSON/workspace/7u-2-build-linux-amd64/jdk7u80/2329/hotspot/src/share/vm/prims/jvm.cpp:1319
Event: 6.912 Thread 0x00007f284000a000 Threw 0x00000000eb1b7908 at /HUDSON/workspace/7u-2-build-linux-amd64/jdk7u80/2329/hotspot/src/share/vm/prims/jvm.cpp:1319
Event: 7.035 Thread 0x00007f284000a000 Threw 0x00000000eb689478 at /HUDSON/workspace/7u-2-build-linux-amd64/jdk7u80/2329/hotspot/src/share/vm/prims/jvm.cpp:1319
Event: 7.461 Thread 0x00007f2840141000 Threw 0x00000000eaeaf208 at /HUDSON/workspace/7u-2-build-linux-amd64/jdk7u80/2329/hotspot/src/share/vm/prims/jvm.cpp:1319
Event: 10.527 Thread 0x00007f284000a000 Implicit null exception at 0x00007f283d0d20db to 0x00007f283d0d27c5
Event: 10.530 Thread 0x00007f2840141000 Threw 0x00000000eacfd090 at /HUDSON/workspace/7u-2-build-linux-amd64/jdk7u80/2329/hotspot/src/share/vm/prims/jvm.cpp:1319
Event: 10.588 Thread 0x00007f284000a000 Threw 0x00000000eb01c278 at /HUDSON/workspace/7u-2-build-linux-amd64/jdk7u80/2329/hotspot/src/share/vm/prims/jvm.cpp:1319
Event: 10.725 Thread 0x00007f2840147800 Threw 0x00000000eb54df18 at /HUDSON/workspace/7u-2-build-linux-amd64/jdk7u80/2329/hotspot/src/share/vm/prims/jvm.cpp:1319
Event: 13.219 Thread 0x00007f2840147800 Implicit null exception at 0x00007f283d129f78 to 0x00007f283d12e08d

Events (10 events):
Event: 11.460 Executing VM operation: RevokeBias done
Event: 11.460 Executing VM operation: BulkRevokeBias
Event: 11.461 Executing VM operation: BulkRevokeBias done
Event: 12.966 Thread 0x00007f284000a000 Uncommon trap: trap_request=0x000000d2 fr.pc=0x00007f283d0fde64
Event: 12.967 Thread 0x00007f284000a000 DEOPT PACKING pc=0x00007f283d0fde64 sp=0x00007f2847679ef0
Event: 12.967 Thread 0x00007f284000a000 DEOPT UNPACKING pc=0x00007f283d039445 sp=0x00007f2847679eb8 mode 2
Event: 13.219 Thread 0x00007f2840147800 Uncommon trap: trap_request=0xfffffff4 fr.pc=0x00007f283d12e0d4
Event: 13.219 Thread 0x00007f2840147800 DEOPT PACKING pc=0x00007f283d12e0d4 sp=0x00007f28346560e0
Event: 13.219 Thread 0x00007f2840147800 DEOPT UNPACKING pc=0x00007f283d039445 sp=0x00007f2834656038 mode 2
Event: 14.104 Executing VM operation: ParallelGCFailedAllocation


Dynamic libraries:
00400000-00401000 r-xp 00000000 08:04 7610706                            /usr/lib/jvm/java-7-oracle/bin/java
00600000-00601000 rw-p 00000000 08:04 7610706                            /usr/lib/jvm/java-7-oracle/bin/java
00a4a000-00a6b000 rw-p 00000000 00:00 0                                  [heap]
bae00000-bc300000 rw-p 00000000 00:00 0 
bc300000-c0000000 rw-p 00000000 00:00 0 
c0000000-c2800000 rw-p 00000000 00:00 0 
c2800000-eaa80000 rw-p 00000000 00:00 0 
eaa80000-efc80000 rw-p 00000000 00:00 0 
f4280000-100000000 rw-p 00000000 00:00 0 
7f27f0000000-7f27f0021000 rw-p 00000000 00:00 0 
7f27f0021000-7f27f4000000 ---p 00000000 00:00 0 
7f27f4000000-7f27f4025000 rw-p 00000000 00:00 0 
7f27f4025000-7f27f8000000 ---p 00000000 00:00 0 
7f27f8000000-7f27f8021000 rw-p 00000000 00:00 0 
7f27f8021000-7f27fc000000 ---p 00000000 00:00 0 
7f27fc000000-7f27fc021000 rw-p 00000000 00:00 0 
7f27fc021000-7f2800000000 ---p 00000000 00:00 0 
7f2800000000-7f2800021000 rw-p 00000000 00:00 0 
7f2800021000-7f2804000000 ---p 00000000 00:00 0 
7f2804000000-7f280403c000 rw-p 00000000 00:00 0 
7f280403c000-7f2808000000 ---p 00000000 00:00 0 
7f2808000000-7f28093cb000 rw-p 00000000 00:00 0 
7f28093cb000-7f280c000000 ---p 00000000 00:00 0 
7f280c000000-7f280c021000 rw-p 00000000 00:00 0 
7f280c021000-7f2810000000 ---p 00000000 00:00 0 
7f2810000000-7f2810021000 rw-p 00000000 00:00 0 
7f2810021000-7f2814000000 ---p 00000000 00:00 0 
7f2814000000-7f2815568000 rw-p 00000000 00:00 0 
7f2815568000-7f2818000000 ---p 00000000 00:00 0 
7f2818000000-7f2818021000 rw-p 00000000 00:00 0 
7f2818021000-7f281c000000 ---p 00000000 00:00 0 
7f281c000000-7f281c021000 rw-p 00000000 00:00 0 
7f281c021000-7f2820000000 ---p 00000000 00:00 0 
7f2820000000-7f2820021000 rw-p 00000000 00:00 0 
7f2820021000-7f2824000000 ---p 00000000 00:00 0 
7f2824000000-7f2824252000 rw-p 00000000 00:00 0 
7f2824252000-7f2828000000 ---p 00000000 00:00 0 
7f2828000000-7f2828021000 rw-p 00000000 00:00 0 
7f2828021000-7f282c000000 ---p 00000000 00:00 0 
7f2830000000-7f2830021000 rw-p 00000000 00:00 0 
7f2830021000-7f2834000000 ---p 00000000 00:00 0 
7f2834456000-7f2834459000 ---p 00000000 00:00 0 
7f2834459000-7f2834557000 rw-p 00000000 00:00 0                          [stack:10109]
7f2834557000-7f283455a000 ---p 00000000 00:00 0 
7f283455a000-7f2834658000 rw-p 00000000 00:00 0                          [stack:10108]
7f2834658000-7f283465b000 ---p 00000000 00:00 0 
7f283465b000-7f2834759000 rw-p 00000000 00:00 0                          [stack:10106]
7f2834759000-7f283475c000 ---p 00000000 00:00 0 
7f283475c000-7f283485a000 rw-p 00000000 00:00 0                          [stack:10103]
7f283485a000-7f283485d000 ---p 00000000 00:00 0 
7f283485d000-7f283495b000 rw-p 00000000 00:00 0                          [stack:10102]
7f283495b000-7f2834972000 r-xp 00000000 08:04 8531002                    /usr/lib/jvm/java-7-oracle/jre/lib/amd64/libnet.so
7f2834972000-7f2834b71000 ---p 00017000 08:04 8531002                    /usr/lib/jvm/java-7-oracle/jre/lib/amd64/libnet.so
7f2834b71000-7f2834b72000 rw-p 00016000 08:04 8531002                    /usr/lib/jvm/java-7-oracle/jre/lib/amd64/libnet.so
7f2834b72000-7f2834b82000 r-xp 00000000 08:04 8530960                    /usr/lib/jvm/java-7-oracle/jre/lib/amd64/libnio.so
7f2834b82000-7f2834d82000 ---p 00010000 08:04 8530960                    /usr/lib/jvm/java-7-oracle/jre/lib/amd64/libnio.so
7f2834d82000-7f2834d83000 rw-p 00010000 08:04 8530960                    /usr/lib/jvm/java-7-oracle/jre/lib/amd64/libnio.so
7f2834d83000-7f2834d84000 ---p 00000000 00:00 0 
7f2834d84000-7f2834e84000 rw-p 00000000 00:00 0                          [stack:10091]
7f2834e84000-7f2834e87000 ---p 00000000 00:00 0 
7f2834e87000-7f2834f85000 rw-p 00000000 00:00 0                          [stack:10086]
7f2834f85000-7f2834f88000 ---p 00000000 00:00 0 
7f2834f88000-7f2835086000 rw-p 00000000 00:00 0                          [stack:10081]
7f2835086000-7f2835089000 ---p 00000000 00:00 0 
7f2835089000-7f2835187000 rw-p 00000000 00:00 0                          [stack:10079]
7f2835187000-7f283518a000 ---p 00000000 00:00 0 
7f283518a000-7f2835288000 rw-p 00000000 00:00 0                          [stack:10077]
7f2835288000-7f2835568000 r--p 00000000 08:04 6561709                    /usr/lib/locale/locale-archive
7f2835568000-7f283556b000 ---p 00000000 00:00 0 
7f283556b000-7f2835669000 rw-p 00000000 00:00 0                          [stack:10071]
7f2835669000-7f283566c000 ---p 00000000 00:00 0 
7f283566c000-7f283576a000 rw-p 00000000 00:00 0                          [stack:10069]
7f283576a000-7f283576b000 ---p 00000000 00:00 0 
7f283576b000-7f2838000000 rw-p 00000000 00:00 0                          [stack:10064]
7f2838000000-7f2838021000 rw-p 00000000 00:00 0 
7f2838021000-7f283c000000 ---p 00000000 00:00 0 
7f283c075000-7f283c07c000 r--s 00000000 08:04 6947746                    /usr/lib/x86_64-linux-gnu/gconv/gconv-modules.cache
7f283c07c000-7f283c0a2000 r--p 00000000 08:04 7212337                    /usr/share/locale-langpack/fr/LC_MESSAGES/libc.mo
7f283c0a2000-7f283c0d3000 rw-p 00000000 00:00 0 
7f283c0d3000-7f283c0e9000 r--s 000f0000 08:04 1705814                    /home/ydoukhi/AndroidStudioProjects/MyApplication2/app/build/intermediates/exploded-aar/com.android.support/support-v4/23.2.1/jars/classes.jar
7f283c0e9000-7f283cba1000 rw-p 00000000 00:00 0 
7f283cba1000-7f283cd61000 r--s 039fb000 08:04 7888896                    /usr/lib/jvm/java-7-oracle/jre/lib/rt.jar
7f283cd61000-7f283d000000 rw-p 00000000 00:00 0 
7f283d000000-7f283d270000 rwxp 00000000 00:00 0 
7f283d270000-7f284018d000 rw-p 00000000 00:00 0 
7f284018d000-7f2844000000 ---p 00000000 00:00 0 
7f2844003000-7f28440c8000 rw-p 00000000 00:00 0 
7f28440c8000-7f28440c9000 ---p 00000000 00:00 0 
7f28440c9000-7f28441c9000 rw-p 00000000 00:00 0                          [stack:10054]
7f28441c9000-7f28441ca000 ---p 00000000 00:00 0 
7f28441ca000-7f28442ca000 rw-p 00000000 00:00 0                          [stack:10052]
7f28442ca000-7f28442cb000 ---p 00000000 00:00 0 
7f28442cb000-7f28443cb000 rw-p 00000000 00:00 0                          [stack:10050]
7f28443cb000-7f28443cc000 ---p 00000000 00:00 0 
7f28443cc000-7f28444d7000 rw-p 00000000 00:00 0                          [stack:10046]
7f28444d7000-7f28444f5000 rw-p 00000000 00:00 0 
7f28444f5000-7f2844509000 rw-p 00000000 00:00 0 
7f2844509000-7f284464b000 rw-p 00000000 00:00 0 
7f284464b000-7f2844656000 rw-p 00000000 00:00 0 
7f2844656000-7f2844674000 rw-p 00000000 00:00 0 
7f2844674000-7f2844688000 rw-p 00000000 00:00 0 
7f2844688000-7f28447c9000 rw-p 00000000 00:00 0 
7f28447c9000-7f28447f3000 rw-p 00000000 00:00 0 
7f28447f3000-7f2844874000 rw-p 00000000 00:00 0 
7f2844874000-7f2844875000 rw-p 00000000 00:00 0 
7f2844875000-7f284488c000 r-xp 00000000 08:04 8530989                    /usr/lib/jvm/java-7-oracle/jre/lib/amd64/libzip.so
7f284488c000-7f2844a8c000 ---p 00017000 08:04 8530989                    /usr/lib/jvm/java-7-oracle/jre/lib/amd64/libzip.so
7f2844a8c000-7f2844a8d000 rw-p 00017000 08:04 8530989                    /usr/lib/jvm/java-7-oracle/jre/lib/amd64/libzip.so
7f2844a8d000-7f2844a98000 r-xp 00000000 08:04 8917241                    /lib/x86_64-linux-gnu/libnss_files-2.19.so
7f2844a98000-7f2844c97000 ---p 0000b000 08:04 8917241                    /lib/x86_64-linux-gnu/libnss_files-2.19.so
7f2844c97000-7f2844c98000 r--p 0000a000 08:04 8917241                    /lib/x86_64-linux-gnu/libnss_files-2.19.so
7f2844c98000-7f2844c99000 rw-p 0000b000 08:04 8917241                    /lib/x86_64-linux-gnu/libnss_files-2.19.so
7f2844c99000-7f2844ca4000 r-xp 00000000 08:04 8917251                    /lib/x86_64-linux-gnu/libnss_nis-2.19.so
7f2844ca4000-7f2844ea3000 ---p 0000b000 08:04 8917251                    /lib/x86_64-linux-gnu/libnss_nis-2.19.so
7f2844ea3000-7f2844ea4000 r--p 0000a000 08:04 8917251                    /lib/x86_64-linux-gnu/libnss_nis-2.19.so
7f2844ea4000-7f2844ea5000 rw-p 0000b000 08:04 8917251                    /lib/x86_64-linux-gnu/libnss_nis-2.19.so
7f2844ea5000-7f2844ebc000 r-xp 00000000 08:04 8917235                    /lib/x86_64-linux-gnu/libnsl-2.19.so
7f2844ebc000-7f28450bb000 ---p 00017000 08:04 8917235                    /lib/x86_64-linux-gnu/libnsl-2.19.so
7f28450bb000-7f28450bc000 r--p 00016000 08:04 8917235                    /lib/x86_64-linux-gnu/libnsl-2.19.so
7f28450bc000-7f28450bd000 rw-p 00017000 08:04 8917235                    /lib/x86_64-linux-gnu/libnsl-2.19.so
7f28450bd000-7f28450bf000 rw-p 00000000 00:00 0 
7f28450bf000-7f28450c8000 r-xp 00000000 08:04 8917237                    /lib/x86_64-linux-gnu/libnss_compat-2.19.so
7f28450c8000-7f28452c7000 ---p 00009000 08:04 8917237                    /lib/x86_64-linux-gnu/libnss_compat-2.19.so
7f28452c7000-7f28452c8000 r--p 00008000 08:04 8917237                    /lib/x86_64-linux-gnu/libnss_compat-2.19.so
7f28452c8000-7f28452c9000 rw-p 00009000 08:04 8917237                    /lib/x86_64-linux-gnu/libnss_compat-2.19.so
7f28452c9000-7f28452f2000 r-xp 00000000 08:04 8531001                    /usr/lib/jvm/java-7-oracle/jre/lib/amd64/libjava.so
7f28452f2000-7f28454f2000 ---p 00029000 08:04 8531001                    /usr/lib/jvm/java-7-oracle/jre/lib/amd64/libjava.so
7f28454f2000-7f28454f4000 rw-p 00029000 08:04 8531001                    /usr/lib/jvm/java-7-oracle/jre/lib/amd64/libjava.so
7f28454f4000-7f2845501000 r-xp 00000000 08:04 8531004                    /usr/lib/jvm/java-7-oracle/jre/lib/amd64/libverify.so
7f2845501000-7f2845700000 ---p 0000d000 08:04 8531004                    /usr/lib/jvm/java-7-oracle/jre/lib/amd64/libverify.so
7f2845700000-7f2845702000 rw-p 0000c000 08:04 8531004                    /usr/lib/jvm/java-7-oracle/jre/lib/amd64/libverify.so
7f2845702000-7f2845709000 r-xp 00000000 08:04 8917294                    /lib/x86_64-linux-gnu/librt-2.19.so
7f2845709000-7f2845908000 ---p 00007000 08:04 8917294                    /lib/x86_64-linux-gnu/librt-2.19.so
7f2845908000-7f2845909000 r--p 00006000 08:04 8917294                    /lib/x86_64-linux-gnu/librt-2.19.so
7f2845909000-7f284590a000 rw-p 00007000 08:04 8917294                    /lib/x86_64-linux-gnu/librt-2.19.so
7f284590a000-7f2845a0f000 r-xp 00000000 08:04 8917216                    /lib/x86_64-linux-gnu/libm-2.19.so
7f2845a0f000-7f2845c0e000 ---p 00105000 08:04 8917216                    /lib/x86_64-linux-gnu/libm-2.19.so
7f2845c0e000-7f2845c0f000 r--p 00104000 08:04 8917216                    /lib/x86_64-linux-gnu/libm-2.19.so
7f2845c0f000-7f2845c10000 rw-p 00105000 08:04 8917216                    /lib/x86_64-linux-gnu/libm-2.19.so
7f2845c10000-7f2846786000 r-xp 00000000 08:04 8530969                    /usr/lib/jvm/java-7-oracle/jre/lib/amd64/server/libjvm.so
7f2846786000-7f2846985000 ---p 00b76000 08:04 8530969                    /usr/lib/jvm/java-7-oracle/jre/lib/amd64/server/libjvm.so
7f2846985000-7f2846a49000 rw-p 00b75000 08:04 8530969                    /usr/lib/jvm/java-7-oracle/jre/lib/amd64/server/libjvm.so
7f2846a49000-7f2846a8a000 rw-p 00000000 00:00 0 
7f2846a8a000-7f2846c45000 r-xp 00000000 08:04 8917163                    /lib/x86_64-linux-gnu/libc-2.19.so
7f2846c45000-7f2846e44000 ---p 001bb000 08:04 8917163                    /lib/x86_64-linux-gnu/libc-2.19.so
7f2846e44000-7f2846e48000 r--p 001ba000 08:04 8917163                    /lib/x86_64-linux-gnu/libc-2.19.so
7f2846e48000-7f2846e4a000 rw-p 001be000 08:04 8917163                    /lib/x86_64-linux-gnu/libc-2.19.so
7f2846e4a000-7f2846e4f000 rw-p 00000000 00:00 0 
7f2846e4f000-7f2846e52000 r-xp 00000000 08:04 8917180                    /lib/x86_64-linux-gnu/libdl-2.19.so
7f2846e52000-7f2847051000 ---p 00003000 08:04 8917180                    /lib/x86_64-linux-gnu/libdl-2.19.so
7f2847051000-7f2847052000 r--p 00002000 08:04 8917180                    /lib/x86_64-linux-gnu/libdl-2.19.so
7f2847052000-7f2847053000 rw-p 00003000 08:04 8917180                    /lib/x86_64-linux-gnu/libdl-2.19.so
7f2847053000-7f2847068000 r-xp 00000000 08:04 8133287                    /usr/lib/jvm/java-7-oracle/lib/amd64/jli/libjli.so
7f2847068000-7f2847267000 ---p 00015000 08:04 8133287                    /usr/lib/jvm/java-7-oracle/lib/amd64/jli/libjli.so
7f2847267000-7f2847268000 rw-p 00014000 08:04 8133287                    /usr/lib/jvm/java-7-oracle/lib/amd64/jli/libjli.so
7f2847268000-7f2847281000 r-xp 00000000 08:04 8917286                    /lib/x86_64-linux-gnu/libpthread-2.19.so
7f2847281000-7f2847480000 ---p 00019000 08:04 8917286                    /lib/x86_64-linux-gnu/libpthread-2.19.so
7f2847480000-7f2847481000 r--p 00018000 08:04 8917286                    /lib/x86_64-linux-gnu/libpthread-2.19.so
7f2847481000-7f2847482000 rw-p 00019000 08:04 8917286                    /lib/x86_64-linux-gnu/libpthread-2.19.so
7f2847482000-7f2847486000 rw-p 00000000 00:00 0 
7f2847486000-7f28474a9000 r-xp 00000000 08:04 8917137                    /lib/x86_64-linux-gnu/ld-2.19.so
7f28474ac000-7f28474bb000 r--s 000df000 08:04 9447088                    /home/ydoukhi/Android/Sdk/build-tools/23.0.3/lib/dx.jar
7f28474bb000-7f28474c5000 rw-p 00000000 00:00 0 
7f28474c5000-7f284757b000 rw-p 00000000 00:00 0 
7f284757b000-7f284757e000 ---p 00000000 00:00 0 
7f284757e000-7f2847680000 rw-p 00000000 00:00 0                          [stack:10044]
7f2847685000-7f284769c000 rw-p 00000000 00:00 0 
7f284769c000-7f28476a4000 rw-s 00000000 08:04 2621646                    /tmp/hsperfdata_ydoukhi/10027
7f28476a4000-7f28476a5000 rw-p 00000000 00:00 0 
7f28476a5000-7f28476a6000 ---p 00000000 00:00 0 
7f28476a6000-7f28476a8000 rw-p 00000000 00:00 0 
7f28476a8000-7f28476a9000 r--p 00022000 08:04 8917137                    /lib/x86_64-linux-gnu/ld-2.19.so
7f28476a9000-7f28476aa000 rw-p 00023000 08:04 8917137                    /lib/x86_64-linux-gnu/ld-2.19.so
7f28476aa000-7f28476ab000 rw-p 00000000 00:00 0 
7ffd6b9c1000-7ffd6b9e3000 rw-p 00000000 00:00 0                          [stack]
7ffd6b9f7000-7ffd6b9f9000 r-xp 00000000 00:00 0                          [vdso]
7ffd6b9f9000-7ffd6b9fb000 r--p 00000000 00:00 0                          [vvar]
ffffffffff600000-ffffffffff601000 r-xp 00000000 00:00 0                  [vsyscall]

VM Arguments:
jvm_args: -Djava.awt.headless=true -Xmx1024M -Dfile.encoding=UTF-8 -Duser.country=FR -Duser.language=fr -Duser.variant 
java_command: com.android.dx.command.Main --dex --num-threads=4 --output /home/ydoukhi/AndroidStudioProjects/MyApplication2/app/build/intermediates/pre-dexed/debug/com.android.support-support-v4-23.2.1_4d59ef77f75293af3fd6ca643adc338140fa67d2.jar /home/ydoukhi/AndroidStudioProjects/MyApplication2/app/build/intermediates/exploded-aar/com.android.support/support-v4/23.2.1/jars/classes.jar
Launcher Type: SUN_STANDARD

Environment Variables:
PATH=/usr/local/sbin:/usr/local/bin:/usr/sbin:/usr/bin:/sbin:/bin:/usr/games:/usr/local/games:/opt/android-studio/bin
USERNAME=ydoukhi
LD_LIBRARY_PATH=/opt/android-studio/bin:
SHELL=/bin/bash
DISPLAY=:0

Signal Handlers:
SIGSEGV: [libjvm.so+0x9a3b20], sa_mask[0]=0x7ffbfeff, sa_flags=0x10000004
SIGBUS: [libjvm.so+0x9a3b20], sa_mask[0]=0x7ffbfeff, sa_flags=0x10000004
SIGFPE: [libjvm.so+0x81e740], sa_mask[0]=0x7ffbfeff, sa_flags=0x10000004
SIGPIPE: [libjvm.so+0x81e740], sa_mask[0]=0x7ffbfeff, sa_flags=0x10000004
SIGXFSZ: [libjvm.so+0x81e740], sa_mask[0]=0x7ffbfeff, sa_flags=0x10000004
SIGILL: [libjvm.so+0x81e740], sa_mask[0]=0x7ffbfeff, sa_flags=0x10000004
SIGUSR1: SIG_DFL, sa_mask[0]=0x00000000, sa_flags=0x00000000
SIGUSR2: [libjvm.so+0x81ffb0], sa_mask[0]=0x00000004, sa_flags=0x10000004
SIGHUP: [libjvm.so+0x8210d0], sa_mask[0]=0x7ffbfeff, sa_flags=0x10000004
SIGINT: [libjvm.so+0x8210d0], sa_mask[0]=0x7ffbfeff, sa_flags=0x10000004
SIGTERM: [libjvm.so+0x8210d0], sa_mask[0]=0x7ffbfeff, sa_flags=0x10000004
SIGQUIT: [libjvm.so+0x8210d0], sa_mask[0]=0x7ffbfeff, sa_flags=0x10000004


---------------  S Y S T E M  ---------------

OS:jessie/sid

uname:Linux 3.16.0-38-generic #52~14.04.1-Ubuntu SMP Fri May 8 09:43:57 UTC 2015 x86_64
libc:glibc 2.19 NPTL 2.19 
rlimit: STACK 8192k, CORE 0k, NPROC 15386, NOFILE 4096, AS infinity
load average:6.22 2.15 1.22

/proc/meminfo:
MemTotal:        3969924 kB
MemFree:          135288 kB
MemAvailable:      85752 kB
Buffers:             644 kB
Cached:           206968 kB
SwapCached:            0 kB
Active:          3463772 kB
Inactive:         180436 kB
Active(anon):    3459348 kB
Inactive(anon):   147080 kB
Active(file):       4424 kB
Inactive(file):    33356 kB
Unevictable:          32 kB
Mlocked:              32 kB
SwapTotal:             0 kB
SwapFree:              0 kB
Dirty:               252 kB
Writeback:             0 kB
AnonPages:       3437376 kB
Mapped:           141792 kB
Shmem:            169044 kB
Slab:              69696 kB
SReclaimable:      32072 kB
SUnreclaim:        37624 kB
KernelStack:       12560 kB
PageTables:        56236 kB
NFS_Unstable:          0 kB
Bounce:                0 kB
WritebackTmp:          0 kB
CommitLimit:     1984960 kB
Committed_AS:    7869616 kB
VmallocTotal:   34359738367 kB
VmallocUsed:      348404 kB
VmallocChunk:   34359375400 kB
HardwareCorrupted:     0 kB
AnonHugePages:   1470464 kB
HugePages_Total:       0
HugePages_Free:        0
HugePages_Rsvd:        0
HugePages_Surp:        0
Hugepagesize:       2048 kB
DirectMap4k:       92096 kB
DirectMap2M:     1927168 kB
DirectMap1G:     2097152 kB


CPU:total 4 (4 cores per cpu, 1 threads per core) family 6 model 60 stepping 3, cmov, cx8, fxsr, mmx, sse, sse2, sse3, ssse3, sse4.1, sse4.2, popcnt, avx, avx2, aes, erms, tsc, tscinvbit

/proc/cpuinfo:
processor	: 0
vendor_id	: GenuineIntel
cpu family	: 6
model		: 60
model name	: Intel(R) Core(TM) i5-4590S CPU @ 3.00GHz
stepping	: 3
microcode	: 0x1a
cpu MHz		: 1894.218
cache size	: 6144 KB
physical id	: 0
siblings	: 4
core id		: 0
cpu cores	: 4
apicid		: 0
initial apicid	: 0
fpu		: yes
fpu_exception	: yes
cpuid level	: 13
wp		: yes
flags		: fpu vme de pse tsc msr pae mce cx8 apic sep mtrr pge mca cmov pat pse36 clflush dts acpi mmx fxsr sse sse2 ss ht tm pbe syscall nx pdpe1gb rdtscp lm constant_tsc arch_perfmon pebs bts rep_good nopl xtopology nonstop_tsc aperfmperf eagerfpu pni pclmulqdq dtes64 monitor ds_cpl vmx smx est tm2 ssse3 fma cx16 xtpr pdcm pcid sse4_1 sse4_2 x2apic movbe popcnt tsc_deadline_timer aes xsave avx f16c rdrand lahf_lm abm ida arat epb xsaveopt pln pts dtherm tpr_shadow vnmi flexpriority ept vpid fsgsbase tsc_adjust bmi1 hle avx2 smep bmi2 erms invpcid rtm
bogomips	: 5986.09
clflush size	: 64
cache_alignment	: 64
address sizes	: 39 bits physical, 48 bits virtual
power management:

processor	: 1
vendor_id	: GenuineIntel
cpu family	: 6
model		: 60
model name	: Intel(R) Core(TM) i5-4590S CPU @ 3.00GHz
stepping	: 3
microcode	: 0x1a
cpu MHz		: 2578.593
cache size	: 6144 KB
physical id	: 0
siblings	: 4
core id		: 1
cpu cores	: 4
apicid		: 2
initial apicid	: 2
fpu		: yes
fpu_exception	: yes
cpuid level	: 13
wp		: yes
flags		: fpu vme de pse tsc msr pae mce cx8 apic sep mtrr pge mca cmov pat pse36 clflush dts acpi mmx fxsr sse sse2 ss ht tm pbe syscall nx pdpe1gb rdtscp lm constant_tsc arch_perfmon pebs bts rep_good nopl xtopology nonstop_tsc aperfmperf eagerfpu pni pclmulqdq dtes64 monitor ds_cpl vmx smx est tm2 ssse3 fma cx16 xtpr pdcm pcid sse4_1 sse4_2 x2apic movbe popcnt tsc_deadline_timer aes xsave avx f16c rdrand lahf_lm abm ida arat epb xsaveopt pln pts dtherm tpr_shadow vnmi flexpriority ept vpid fsgsbase tsc_adjust bmi1 hle avx2 smep bmi2 erms invpcid rtm
bogomips	: 5986.09
clflush size	: 64
cache_alignment	: 64
address sizes	: 39 bits physical, 48 bits virtual
power management:

processor	: 2
vendor_id	: GenuineIntel
cpu family	: 6
model		: 60
model name	: Intel(R) Core(TM) i5-4590S CPU @ 3.00GHz
stepping	: 3
microcode	: 0x1a
cpu MHz		: 3187.265
cache size	: 6144 KB
physical id	: 0
siblings	: 4
core id		: 2
cpu cores	: 4
apicid		: 4
initial apicid	: 4
fpu		: yes
fpu_exception	: yes
cpuid level	: 13
wp		: yes
flags		: fpu vme de pse tsc msr pae mce cx8 apic sep mtrr pge mca cmov pat pse36 clflush dts acpi mmx fxsr sse sse2 ss ht tm pbe syscall nx pdpe1gb rdtscp lm constant_tsc arch_perfmon pebs bts rep_good nopl xtopology nonstop_tsc aperfmperf eagerfpu pni pclmulqdq dtes64 monitor ds_cpl vmx smx est tm2 ssse3 fma cx16 xtpr pdcm pcid sse4_1 sse4_2 x2apic movbe popcnt tsc_deadline_timer aes xsave avx f16c rdrand lahf_lm abm ida arat epb xsaveopt pln pts dtherm tpr_shadow vnmi flexpriority ept vpid fsgsbase tsc_adjust bmi1 hle avx2 smep bmi2 erms invpcid rtm
bogomips	: 5986.09
clflush size	: 64
cache_alignment	: 64
address sizes	: 39 bits physical, 48 bits virtual
power management:

processor	: 3
vendor_id	: GenuineIntel
cpu family	: 6
model		: 60
model name	: Intel(R) Core(TM) i5-4590S CPU @ 3.00GHz
stepping	: 3
microcode	: 0x1a
cpu MHz		: 2730.820
cache size	: 6144 KB
physical id	: 0
siblings	: 4
core id		: 3
cpu cores	: 4
apicid		: 6
initial apicid	: 6
fpu		: yes
fpu_exception	: yes
cpuid level	: 13
wp		: yes
flags		: fpu vme de pse tsc msr pae mce cx8 apic sep mtrr pge mca cmov pat pse36 clflush dts acpi mmx fxsr sse sse2 ss ht tm pbe syscall nx pdpe1gb rdtscp lm constant_tsc arch_perfmon pebs bts rep_good nopl xtopology nonstop_tsc aperfmperf eagerfpu pni pclmulqdq dtes64 monitor ds_cpl vmx smx est tm2 ssse3 fma cx16 xtpr pdcm pcid sse4_1 sse4_2 x2apic movbe popcnt tsc_deadline_timer aes xsave avx f16c rdrand lahf_lm abm ida arat epb xsaveopt pln pts dtherm tpr_shadow vnmi flexpriority ept vpid fsgsbase tsc_adjust bmi1 hle avx2 smep bmi2 erms invpcid rtm
bogomips	: 5986.09
clflush size	: 64
cache_alignment	: 64
address sizes	: 39 bits physical, 48 bits virtual
power management:



Memory: 4k page, physical 3969924k(135288k free), swap 0k(0k free)

vm_info: Java HotSpot(TM) 64-Bit Server VM (24.80-b11) for linux-amd64 JRE (1.7.0_80-b15), built on Apr 10 2015 19:53:14 by "java_re" with gcc 4.3.0 20080428 (Red Hat 4.3.0-8)

time: Wed Apr 13 14:25:01 2016
elapsed time: 20 seconds

